JetBrains Amper version 0.11.0-dev-3921 (a832087, 2026-05-09)
running on Linux 6.17.0-23-generic jvm arch amd64

00:12.300 INFO  :TournamentFlowApp:compileAndroidDebug JvmCompileTask            Compiling module 'TournamentFlowApp' for platform 'android'...
00:22.378 ERROR :TournamentFlowApp:compileAndroidDebug KotlinBuildToolsApiKt     file:///home/melero/TournamentFlowApp/src/androidMain/kotlin/ui/TournamentListScreen.kt:77:15 Syntax error: Unexpected tokens (use ';' to separate expressions on the same line).
00:22.380 ERROR :TournamentFlowApp:compileAndroidDebug KotlinBuildToolsApiKt     file:///home/melero/TournamentFlowApp/src/androidMain/kotlin/ui/TournamentListScreen.kt:77:53 Argument type mismatch: actual type is '() -> Unit', but 'Unit' was expected.
00:22.381 ERROR :TournamentFlowApp:compileAndroidDebug KotlinBuildToolsApiKt     file:///home/melero/TournamentFlowApp/src/androidMain/kotlin/ui/TournamentListScreen.kt:78:17 @Composable invocations can only happen from the context of a @Composable function
00:22.382 ERROR :TournamentFlowApp:compileAndroidDebug KotlinBuildToolsApiKt     file:///home/melero/TournamentFlowApp/src/androidMain/kotlin/ui/TournamentListScreen.kt:131:9 No value passed for parameter 'content'.
00:22.383 ERROR :TournamentFlowApp:compileAndroidDebug KotlinBuildToolsApiKt     file:///home/melero/TournamentFlowApp/src/androidMain/kotlin/ui/TournamentListScreen.kt:132:13 Syntax error: Expecting an argument.
00:22.384 ERROR :TournamentFlowApp:compileAndroidDebug KotlinBuildToolsApiKt     file:///home/melero/TournamentFlowApp/src/androidMain/kotlin/ui/TournamentListScreen.kt:132:15 Syntax error: Unexpected tokens (use ';' to separate expressions on the same line).
00:22.385 ERROR :TournamentFlowApp:compileAndroidDebug KotlinBuildToolsApiKt     file:///home/melero/TournamentFlowApp/src/androidMain/kotlin/ui/TournamentListScreen.kt:133:17 Syntax error: Expecting an element.
00:22.386 ERROR :TournamentFlowApp:compileAndroidDebug KotlinBuildToolsApiKt     file:///home/melero/TournamentFlowApp/src/androidMain/kotlin/ui/TournamentListScreen.kt:133:18 Unresolved reference 'fillMaxWidth'.
00:22.387 ERROR :TournamentFlowApp:compileAndroidDebug KotlinBuildToolsApiKt     file:///home/melero/TournamentFlowApp/src/androidMain/kotlin/ui/TournamentListScreen.kt:135:9 Syntax error: Expecting an element.
00:22.388 ERROR :TournamentFlowApp:compileAndroidDebug KotlinBuildToolsApiKt     file:///home/melero/TournamentFlowApp/src/androidMain/kotlin/ui/TournamentListScreen.kt:136:13 None of the following candidates is applicable:

fun Text(text: String, modifier: Modifier = ..., color: Color = ..., autoSize: TextAutoSize? = ..., fontSize: TextUnit = ..., fontStyle: FontStyle? = ..., fontWeight: FontWeight? = ..., fontFamily: FontFamily? = ..., letterSpacing: TextUnit = ..., textDecoration: TextDecoration? = ..., textAlign: TextAlign? = ..., lineHeight: TextUnit = ..., overflow: TextOverflow = ..., softWrap: Boolean = ..., maxLines: Int = ..., minLines: Int = ..., onTextLayout: ((TextLayoutResult) -> Unit)? = ..., style: TextStyle = ...): Unit
fun Text(text: AnnotatedString, modifier: Modifier = ..., color: Color = ..., autoSize: TextAutoSize? = ..., fontSize: TextUnit = ..., fontStyle: FontStyle? = ..., fontWeight: FontWeight? = ..., fontFamily: FontFamily? = ..., letterSpacing: TextUnit = ..., textDecoration: TextDecoration? = ..., textAlign: TextAlign? = ..., lineHeight: TextUnit = ..., overflow: TextOverflow = ..., softWrap: Boolean = ..., maxLines: Int = ..., minLines: Int = ..., inlineContent: Map<String, InlineTextContent> = ..., onTextLayout: (TextLayoutResult) -> Unit = ..., style: TextStyle = ...): Unit:
  Argument type mismatch: actual type is 'String', but 'AnnotatedString' was expected.
00:22.390 ERROR :TournamentFlowApp:compileAndroidDebug KotlinBuildToolsApiKt     file:///home/melero/TournamentFlowApp/src/androidMain/kotlin/ui/TournamentListScreen.kt:140:25 Argument already passed for this parameter.
00:22.391 ERROR :TournamentFlowApp:compileAndroidDebug KotlinBuildToolsApiKt     file:///home/melero/TournamentFlowApp/src/androidMain/kotlin/ui/TournamentListScreen.kt:140:32 Function invocation 'error(...)' expected.
00:22.392 ERROR :TournamentFlowApp:compileAndroidDebug KotlinBuildToolsApiKt     file:///home/melero/TournamentFlowApp/src/androidMain/kotlin/ui/TournamentListScreen.kt:140:38 Unresolved reference 'value'.
00:22.394 ERROR :TournamentFlowApp:compileAndroidDebug KotlinBuildToolsApiKt     file:///home/melero/TournamentFlowApp/src/androidMain/kotlin/ui/TournamentListScreen.kt:142:13 None of the following candidates is applicable:

fun Text(text: String, modifier: Modifier = ..., color: Color = ..., autoSize: TextAutoSize? = ..., fontSize: TextUnit = ..., fontStyle: FontStyle? = ..., fontWeight: FontWeight? = ..., fontFamily: FontFamily? = ..., letterSpacing: TextUnit = ..., textDecoration: TextDecoration? = ..., textAlign: TextAlign? = ..., lineHeight: TextUnit = ..., overflow: TextOverflow = ..., softWrap: Boolean = ..., maxLines: Int = ..., minLines: Int = ..., onTextLayout: ((TextLayoutResult) -> Unit)? = ..., style: TextStyle = ...): Unit:
  Mixing named and positional arguments is not allowed unless the order of the arguments matches the order of the parameters.

fun Text(text: String, color: ColorProducer, modifier: Modifier = ..., autoSize: TextAutoSize? = ..., fontSize: TextUnit = ..., fontStyle: FontStyle? = ..., fontWeight: FontWeight? = ..., fontFamily: FontFamily? = ..., letterSpacing: TextUnit = ..., textDecoration: TextDecoration? = ..., textAlign: TextAlign? = ..., lineHeight: TextUnit = ..., overflow: TextOverflow = ..., softWrap: Boolean = ..., maxLines: Int = ..., minLines: Int = ..., onTextLayout: ((TextLayoutResult) -> Unit)? = ..., style: TextStyle = ...): Unit:
  Argument type mismatch: actual type is 'Color', but 'ColorProducer' was expected.

fun Text(text: AnnotatedString, modifier: Modifier = ..., color: Color = ..., autoSize: TextAutoSize? = ..., fontSize: TextUnit = ..., fontStyle: FontStyle? = ..., fontWeight: FontWeight? = ..., fontFamily: FontFamily? = ..., letterSpacing: TextUnit = ..., textDecoration: TextDecoration? = ..., textAlign: TextAlign? = ..., lineHeight: TextUnit = ..., overflow: TextOverflow = ..., softWrap: Boolean = ..., maxLines: Int = ..., minLines: Int = ..., inlineContent: Map<String, InlineTextContent> = ..., onTextLayout: (TextLayoutResult) -> Unit = ..., style: TextStyle = ...): Unit:
  Mixing named and positional arguments is not allowed unless the order of the arguments matches the order of the parameters.
  Argument type mismatch: actual type is 'String', but 'AnnotatedString' was expected.

fun Text(text: AnnotatedString, color: ColorProducer, modifier: Modifier = ..., autoSize: TextAutoSize? = ..., fontSize: TextUnit = ..., fontStyle: FontStyle? = ..., fontWeight: FontWeight? = ..., fontFamily: FontFamily? = ..., letterSpacing: TextUnit = ..., textDecoration: TextDecoration? = ..., textAlign: TextAlign? = ..., lineHeight: TextUnit = ..., overflow: TextOverflow = ..., softWrap: Boolean = ..., maxLines: Int = ..., minLines: Int = ..., inlineContent: Map<String, InlineTextContent> = ..., onTextLayout: (TextLayoutResult) -> Unit = ..., style: TextStyle = ...): Unit:
  Argument type mismatch: actual type is 'String', but 'AnnotatedString' was expected.
  Argument type mismatch: actual type is 'Color', but 'ColorProducer' was expected.
00:22.398 ERROR :TournamentFlowApp:compileAndroidDebug KotlinBuildToolsApiKt     file:///home/melero/TournamentFlowApp/src/androidMain/kotlin/ui/TournamentListScreen.kt:145:13 Syntax error: Expecting an argument.
00:22.399 ERROR :TournamentFlowApp:compileAndroidDebug KotlinBuildToolsApiKt     file:///home/melero/TournamentFlowApp/src/androidMain/kotlin/ui/TournamentListScreen.kt:145:15 Syntax error: Unexpected tokens (use ';' to separate expressions on the same line).
00:22.400 ERROR :TournamentFlowApp:compileAndroidDebug KotlinBuildToolsApiKt     file:///home/melero/TournamentFlowApp/src/androidMain/kotlin/ui/TournamentListScreen.kt:146:13 Syntax error: Expecting an element.
00:22.401 ERROR :TournamentFlowApp:compileAndroidDebug KotlinBuildToolsApiKt     file:///home/melero/TournamentFlowApp/src/androidMain/kotlin/ui/TournamentListScreen.kt:147:13 @Composable invocations can only happen from the context of a @Composable function
00:22.402 ERROR :TournamentFlowApp:compileAndroidDebug KotlinBuildToolsApiKt     file:///home/melero/TournamentFlowApp/src/androidMain/kotlin/ui/TournamentListScreen.kt:153:25 Unresolved reference 'text'.
00:22.403 ERROR :TournamentFlowApp:compileAndroidDebug KotlinBuildToolsApiKt     file:///home/melero/TournamentFlowApp/src/androidMain/kotlin/ui/TournamentListScreen.kt:153:25 Only expressions are allowed in this context.
00:22.404 ERROR :TournamentFlowApp:compileAndroidDebug KotlinBuildToolsApiKt     file:///home/melero/TournamentFlowApp/src/androidMain/kotlin/ui/TournamentListScreen.kt:172:13 @Composable invocations can only happen from the context of a @Composable function
00:22.435 ERROR                           MainKt                    Task ':TournamentFlowApp:compileAndroidDebug' failed: Kotlin compilation failed with 21 errors (see above)
