JetBrains Amper version 0.11.0-dev-3921 (a832087, 2026-05-09)
running on Linux 6.17.0-22-generic jvm arch amd64

00:01.707 DEBUG                           AmperBackend              Selected tasks to compile: :TournamentFlowApp:aarAndroidDebug :TournamentFlowApp:buildAndroidDebug :TournamentFlowApp:compileAndroidDebug :TournamentFlowApp:compileAndroidTestDebug :TournamentFlowApp:jarAndroidDebug
00:01.747 DEBUG :TournamentFlowApp:resolveDependenciesAndroidTest ResolveExternalDependenciesTask$Companion resolve dependencies TournamentFlowApp -- test -- androidx.activity:activity-compose:1.7.2 androidx.appcompat:appcompat:1.6.1 org.jetbrains.compose.foundation:foundation:1.10.3 org.jetbrains.compose.material3:material3:1.10.0-alpha05 org.jetbrains.compose.runtime:runtime:1.10.3 org.jetbrains.kotlin:kotlin-stdlib-jdk7:2.3.20 org.jetbrains.kotlin:kotlin-stdlib-jdk8:2.3.20 org.jetbrains.kotlin:kotlin-stdlib:2.3.20 org.jetbrains.kotlin:kotlin-test-junit:2.3.20 -- resolvePlatform=androidJvm nativeTarget=null wasmTarget=null
00:01.747 DEBUG :TournamentFlowApp:resolveDependenciesAndroid ResolveExternalDependenciesTask$Companion resolve dependencies TournamentFlowApp -- main -- androidx.activity:activity-compose:1.7.2 androidx.appcompat:appcompat:1.6.1 org.jetbrains.compose.foundation:foundation:1.10.3 org.jetbrains.compose.material3:material3:1.10.0-alpha05 org.jetbrains.compose.runtime:runtime:1.10.3 org.jetbrains.kotlin:kotlin-stdlib-jdk7:2.3.20 org.jetbrains.kotlin:kotlin-stdlib-jdk8:2.3.20 org.jetbrains.kotlin:kotlin-stdlib:2.3.20 -- resolvePlatform=androidJvm nativeTarget=null wasmTarget=null
00:01.755 DEBUG :TournamentFlowApp:resolveDependenciesAndroidTest StateKt                   [inc] state file is missing or empty at '/home/melero/TournamentFlowApp/build/incremental.state/TournamentFlowApp_android_test-37363f45c3' -> cache miss
00:01.755 DEBUG :TournamentFlowApp:resolveDependenciesAndroid StateKt                   [inc] state file is missing or empty at '/home/melero/TournamentFlowApp/build/incremental.state/TournamentFlowApp_android_main-a2c2105f45' -> cache miss
00:01.756 DEBUG :TournamentFlowApp:resolveDependenciesAndroidTest IncrementalCache          [inc] building 'TournamentFlowApp:android:test'
00:01.756 DEBUG :TournamentFlowApp:resolveDependenciesAndroid IncrementalCache          [inc] building 'TournamentFlowApp:android:main'
00:01.761 DEBUG :artifacts/PreparedComposeResourcesDirArtifact/TournamentFlowAppmain IncrementalCache          [inc] ':artifacts/PreparedComposeResourcesDirArtifact/TournamentFlowAppmain' is up-to-date according to state file at '/home/melero/TournamentFlowApp/build/incremental.state/_artifacts_PreparedComposeResourcesDirArtifact_Tou-75486f7389'
00:01.761 DEBUG :generated/TournamentFlowApp/main/src/compose/resources/commonResClass IncrementalCache          [inc] ':generated/TournamentFlowApp/main/src/compose/resources/commonResClass' is up-to-date according to state file at '/home/melero/TournamentFlowApp/build/incremental.state/_generated_TournamentFlowApp_main_src_compose_reso-dd6fb16842'
00:01.761 DEBUG :artifacts/PreparedComposeResourcesDirArtifact/TournamentFlowApptest IncrementalCache          [inc] ':artifacts/PreparedComposeResourcesDirArtifact/TournamentFlowApptest' is up-to-date according to state file at '/home/melero/TournamentFlowApp/build/incremental.state/_artifacts_PreparedComposeResourcesDirArtifact_Tou-e96ae8b422'
00:01.774 DEBUG :generated/TournamentFlowApp/main/src/compose/resources/accessors IncrementalCache          [inc] ':generated/TournamentFlowApp/main/src/compose/resources/accessors' is up-to-date according to state file at '/home/melero/TournamentFlowApp/build/incremental.state/_generated_TournamentFlowApp_main_src_compose_reso-1e1cfdda31'
00:01.774 DEBUG :generated/TournamentFlowApp/test/src/compose/resources/accessors IncrementalCache          [inc] ':generated/TournamentFlowApp/test/src/compose/resources/accessors' is up-to-date according to state file at '/home/melero/TournamentFlowApp/build/incremental.state/_generated_TournamentFlowApp_test_src_compose_reso-99b806df13'
00:01.778 DEBUG :generated/TournamentFlowApp/main/src/compose/resources/collectors IncrementalCache          [inc] ':generated/TournamentFlowApp/main/src/compose/resources/collectors' is up-to-date according to state file at '/home/melero/TournamentFlowApp/build/incremental.state/_generated_TournamentFlowApp_main_src_compose_reso-64a7907c76'
00:01.819 DEBUG :TournamentFlowApp:resolveDependenciesAndroidTest StateKt                   [inc] state file is missing or empty at '/home/melero/TournamentFlowApp/build/incremental.state/_home_melero_TournamentFlowApp_leaf_platforms_true-7214f1a473' -> cache miss
00:01.819 DEBUG :TournamentFlowApp:resolveDependenciesAndroid StateKt                   [inc] state file is missing or empty at '/home/melero/TournamentFlowApp/build/incremental.state/_home_melero_TournamentFlowApp_leaf_platforms_fals-709fdfcf05' -> cache miss
00:01.819 DEBUG :TournamentFlowApp:resolveDependenciesAndroidTest IncrementalCache          [inc] building '/home/melero/TournamentFlowApp,leaf platforms,true,ResolutionConfigPlain(scope=COMPILE, platforms=[JVM], repositories=[https://repo1.maven.org/maven2]),false,true,NETWORK'
00:01.819 DEBUG :TournamentFlowApp:resolveDependenciesAndroid IncrementalCache          [inc] building '/home/melero/TournamentFlowApp,leaf platforms,false,ResolutionConfigPlain(scope=COMPILE, platforms=[JVM], repositories=[https://repo1.maven.org/maven2]),false,true,NETWORK'
00:02.373 ERROR                           MainKt                    Task ':TournamentFlowApp:checkAndroidSdkLicenseAndroid' failed: Some licenses have not been accepted in the Android SDK:
 - android-sdk-license
Run "/home/melero/Android/Sdk/cmdline-tools/latest/bin/sdkmanager --licenses" to review and accept them
