JetBrains Amper version 0.11.0-dev-3921 (a832087, 2026-05-09)
running on Linux 6.17.0-22-generic jvm arch amd64

00:01.627 DEBUG                           AmperBackend              Selected tasks to compile: :TournamentFlowApp:aarAndroidDebug :TournamentFlowApp:buildAndroidDebug :TournamentFlowApp:compileAndroidDebug :TournamentFlowApp:compileAndroidTestDebug :TournamentFlowApp:jarAndroidDebug
00:01.659 DEBUG :TournamentFlowApp:resolveDependenciesAndroidTest ResolveExternalDependenciesTask$Companion resolve dependencies TournamentFlowApp -- test -- androidx.activity:activity-compose:1.7.2 androidx.appcompat:appcompat:1.6.1 org.jetbrains.compose.foundation:foundation:1.10.3 org.jetbrains.compose.material3:material3:1.10.0-alpha05 org.jetbrains.compose.runtime:runtime:1.10.3 org.jetbrains.kotlin:kotlin-stdlib-jdk7:2.3.20 org.jetbrains.kotlin:kotlin-stdlib-jdk8:2.3.20 org.jetbrains.kotlin:kotlin-stdlib:2.3.20 org.jetbrains.kotlin:kotlin-test-junit:2.3.20 -- resolvePlatform=androidJvm nativeTarget=null wasmTarget=null
00:01.659 DEBUG :TournamentFlowApp:resolveDependenciesAndroid ResolveExternalDependenciesTask$Companion resolve dependencies TournamentFlowApp -- main -- androidx.activity:activity-compose:1.7.2 androidx.appcompat:appcompat:1.6.1 org.jetbrains.compose.foundation:foundation:1.10.3 org.jetbrains.compose.material3:material3:1.10.0-alpha05 org.jetbrains.compose.runtime:runtime:1.10.3 org.jetbrains.kotlin:kotlin-stdlib-jdk7:2.3.20 org.jetbrains.kotlin:kotlin-stdlib-jdk8:2.3.20 org.jetbrains.kotlin:kotlin-stdlib:2.3.20 -- resolvePlatform=androidJvm nativeTarget=null wasmTarget=null
00:01.664 DEBUG :artifacts/PreparedComposeResourcesDirArtifact/TournamentFlowApptest StateKt                   [inc] state file is missing or empty at '/home/melero/TournamentFlowApp/build/incremental.state/_artifacts_PreparedComposeResourcesDirArtifact_Tou-e96ae8b422' -> cache miss
00:01.665 DEBUG :generated/TournamentFlowApp/main/src/compose/resources/commonResClass StateKt                   [inc] state file is missing or empty at '/home/melero/TournamentFlowApp/build/incremental.state/_generated_TournamentFlowApp_main_src_compose_reso-dd6fb16842' -> cache miss
00:01.665 DEBUG :artifacts/PreparedComposeResourcesDirArtifact/TournamentFlowAppmain StateKt                   [inc] state file is missing or empty at '/home/melero/TournamentFlowApp/build/incremental.state/_artifacts_PreparedComposeResourcesDirArtifact_Tou-75486f7389' -> cache miss
00:01.665 DEBUG :artifacts/PreparedComposeResourcesDirArtifact/TournamentFlowApptest IncrementalCache          [inc] building ':artifacts/PreparedComposeResourcesDirArtifact/TournamentFlowApptest'
00:01.665 DEBUG :generated/TournamentFlowApp/main/src/compose/resources/commonResClass IncrementalCache          [inc] building ':generated/TournamentFlowApp/main/src/compose/resources/commonResClass'
00:01.665 DEBUG :artifacts/PreparedComposeResourcesDirArtifact/TournamentFlowAppmain IncrementalCache          [inc] building ':artifacts/PreparedComposeResourcesDirArtifact/TournamentFlowAppmain'
00:01.666 DEBUG :TournamentFlowApp:resolveDependenciesAndroid StateKt                   [inc] state file is missing or empty at '/home/melero/TournamentFlowApp/build/incremental.state/TournamentFlowApp_android_main-a2c2105f45' -> cache miss
00:01.666 DEBUG :TournamentFlowApp:resolveDependenciesAndroidTest StateKt                   [inc] state file is missing or empty at '/home/melero/TournamentFlowApp/build/incremental.state/TournamentFlowApp_android_test-37363f45c3' -> cache miss
00:01.666 DEBUG :TournamentFlowApp:resolveDependenciesAndroid IncrementalCache          [inc] building 'TournamentFlowApp:android:main'
00:01.667 DEBUG :TournamentFlowApp:resolveDependenciesAndroidTest IncrementalCache          [inc] building 'TournamentFlowApp:android:test'
00:01.680 DEBUG :generated/TournamentFlowApp/main/src/compose/resources/commonResClass IncrementalCache          [inc] ':generated/TournamentFlowApp/main/src/compose/resources/commonResClass' changes: 
00:01.680 DEBUG :artifacts/PreparedComposeResourcesDirArtifact/TournamentFlowApptest IncrementalCache          [inc] ':artifacts/PreparedComposeResourcesDirArtifact/TournamentFlowApptest' changes: 
00:01.680 DEBUG :artifacts/PreparedComposeResourcesDirArtifact/TournamentFlowAppmain IncrementalCache          [inc] ':artifacts/PreparedComposeResourcesDirArtifact/TournamentFlowAppmain' changes: 
00:01.691 DEBUG :generated/TournamentFlowApp/test/src/compose/resources/accessors StateKt                   [inc] state file is missing or empty at '/home/melero/TournamentFlowApp/build/incremental.state/_generated_TournamentFlowApp_test_src_compose_reso-99b806df13' -> cache miss
00:01.691 DEBUG :generated/TournamentFlowApp/main/src/compose/resources/accessors StateKt                   [inc] state file is missing or empty at '/home/melero/TournamentFlowApp/build/incremental.state/_generated_TournamentFlowApp_main_src_compose_reso-1e1cfdda31' -> cache miss
00:01.691 DEBUG :generated/TournamentFlowApp/test/src/compose/resources/accessors IncrementalCache          [inc] building ':generated/TournamentFlowApp/test/src/compose/resources/accessors'
00:01.691 DEBUG :generated/TournamentFlowApp/main/src/compose/resources/accessors IncrementalCache          [inc] building ':generated/TournamentFlowApp/main/src/compose/resources/accessors'
00:01.693 DEBUG :generated/TournamentFlowApp/main/src/compose/resources/accessors IncrementalCache          [inc] ':generated/TournamentFlowApp/main/src/compose/resources/accessors' changes: 
00:01.693 DEBUG :generated/TournamentFlowApp/test/src/compose/resources/accessors IncrementalCache          [inc] ':generated/TournamentFlowApp/test/src/compose/resources/accessors' changes: 
00:01.695 DEBUG :generated/TournamentFlowApp/main/src/compose/resources/collectors StateKt                   [inc] state file is missing or empty at '/home/melero/TournamentFlowApp/build/incremental.state/_generated_TournamentFlowApp_main_src_compose_reso-64a7907c76' -> cache miss
00:01.695 DEBUG :generated/TournamentFlowApp/main/src/compose/resources/collectors IncrementalCache          [inc] building ':generated/TournamentFlowApp/main/src/compose/resources/collectors'
00:01.697 DEBUG :generated/TournamentFlowApp/main/src/compose/resources/collectors IncrementalCache          [inc] ':generated/TournamentFlowApp/main/src/compose/resources/collectors' changes: 
00:01.723 DEBUG :TournamentFlowApp:resolveDependenciesAndroidTest StateKt                   [inc] state file is missing or empty at '/home/melero/TournamentFlowApp/build/incremental.state/_home_melero_TournamentFlowApp_leaf_platforms_true-7214f1a473' -> cache miss
00:01.723 DEBUG :TournamentFlowApp:resolveDependenciesAndroid StateKt                   [inc] state file is missing or empty at '/home/melero/TournamentFlowApp/build/incremental.state/_home_melero_TournamentFlowApp_leaf_platforms_fals-709fdfcf05' -> cache miss
00:01.723 DEBUG :TournamentFlowApp:resolveDependenciesAndroidTest IncrementalCache          [inc] building '/home/melero/TournamentFlowApp,leaf platforms,true,ResolutionConfigPlain(scope=COMPILE, platforms=[JVM], repositories=[https://repo1.maven.org/maven2]),false,true,NETWORK'
00:01.723 DEBUG :TournamentFlowApp:resolveDependenciesAndroid IncrementalCache          [inc] building '/home/melero/TournamentFlowApp,leaf platforms,false,ResolutionConfigPlain(scope=COMPILE, platforms=[JVM], repositories=[https://repo1.maven.org/maven2]),false,true,NETWORK'
00:02.442 DEBUG :TournamentFlowApp:resolveDependenciesAndroidTest DependencyFileImpl        Downloaded https://repo1.maven.org/maven2/org/jetbrains/compose/material3/material3/1.10.0-alpha05/material3-1.10.0-alpha05.pom.sha512 for the dependency org.jetbrains.compose.material3:material3:1.10.0-alpha05
00:02.442 DEBUG :TournamentFlowApp:resolveDependenciesAndroid DependencyFileImpl        Downloaded https://repo1.maven.org/maven2/org/jetbrains/compose/foundation/foundation/1.10.3/foundation-1.10.3.pom.sha512 for the dependency org.jetbrains.compose.foundation:foundation:1.10.3
00:02.442 DEBUG :TournamentFlowApp:resolveDependenciesAndroidTest DependencyFileImpl        Downloaded https://repo1.maven.org/maven2/org/jetbrains/compose/runtime/runtime/1.10.3/runtime-1.10.3.pom.sha512 for the dependency org.jetbrains.compose.runtime:runtime:1.10.3
00:02.453 DEBUG :TournamentFlowApp:resolveDependenciesAndroidTest DependencyFileImpl        Not found URL: https://repo1.maven.org/maven2/androidx/activity/activity-compose/1.7.2/activity-compose-1.7.2.pom.sha512
00:02.470 DEBUG :TournamentFlowApp:resolveDependenciesAndroidTest DependencyFileImpl        Not found URL: https://repo1.maven.org/maven2/org/jetbrains/kotlin/kotlin-stdlib/2.3.20/kotlin-stdlib-2.3.20.pom.sha512
00:02.480 DEBUG :TournamentFlowApp:resolveDependenciesAndroid DependencyFileImpl        Downloaded https://repo1.maven.org/maven2/org/jetbrains/compose/foundation/foundation/1.10.3/foundation-1.10.3.pom for the dependency org.jetbrains.compose.foundation:foundation:1.10.3
00:02.481 DEBUG :TournamentFlowApp:resolveDependenciesAndroidTest DependencyFileImpl        Downloaded https://repo1.maven.org/maven2/org/jetbrains/compose/material3/material3/1.10.0-alpha05/material3-1.10.0-alpha05.pom for the dependency org.jetbrains.compose.material3:material3:1.10.0-alpha05
00:02.488 DEBUG :TournamentFlowApp:resolveDependenciesAndroidTest DependencyFileImpl        Downloaded https://repo1.maven.org/maven2/org/jetbrains/compose/runtime/runtime/1.10.3/runtime-1.10.3.pom for the dependency org.jetbrains.compose.runtime:runtime:1.10.3
00:02.517 DEBUG :TournamentFlowApp:resolveDependenciesAndroidTest DependencyFileImpl        Downloaded https://repo1.maven.org/maven2/org/jetbrains/compose/material3/material3/1.10.0-alpha05/material3-1.10.0-alpha05.module.sha512 for the dependency org.jetbrains.compose.material3:material3:1.10.0-alpha05
00:02.518 DEBUG :TournamentFlowApp:resolveDependenciesAndroid DependencyFileImpl        Downloaded https://repo1.maven.org/maven2/org/jetbrains/compose/foundation/foundation/1.10.3/foundation-1.10.3.module.sha512 for the dependency org.jetbrains.compose.foundation:foundation:1.10.3
00:02.520 DEBUG :TournamentFlowApp:resolveDependenciesAndroidTest DependencyFileImpl        Downloaded https://repo1.maven.org/maven2/org/jetbrains/compose/runtime/runtime/1.10.3/runtime-1.10.3.module.sha512 for the dependency org.jetbrains.compose.runtime:runtime:1.10.3
00:02.560 DEBUG :TournamentFlowApp:resolveDependenciesAndroidTest DependencyFileImpl        Downloaded https://repo1.maven.org/maven2/org/jetbrains/compose/material3/material3/1.10.0-alpha05/material3-1.10.0-alpha05.module for the dependency org.jetbrains.compose.material3:material3:1.10.0-alpha05
00:02.564 DEBUG :TournamentFlowApp:resolveDependenciesAndroid DependencyFileImpl        Downloaded https://repo1.maven.org/maven2/org/jetbrains/compose/foundation/foundation/1.10.3/foundation-1.10.3.module for the dependency org.jetbrains.compose.foundation:foundation:1.10.3
00:02.573 DEBUG :TournamentFlowApp:resolveDependenciesAndroidTest DependencyFileImpl        Downloaded https://repo1.maven.org/maven2/org/jetbrains/compose/runtime/runtime/1.10.3/runtime-1.10.3.module for the dependency org.jetbrains.compose.runtime:runtime:1.10.3
00:02.631 DEBUG :TournamentFlowApp:resolveDependenciesAndroidTest DependencyFileImpl        Downloaded https://repo1.maven.org/maven2/org/jetbrains/compose/material/material-ripple/1.9.3/material-ripple-1.9.3.pom.sha512 for the dependency org.jetbrains.compose.material:material-ripple:1.9.3
00:02.632 DEBUG :TournamentFlowApp:resolveDependenciesAndroidTest DependencyFileImpl        Downloaded https://repo1.maven.org/maven2/org/jetbrains/compose/ui/ui-graphics/1.9.3/ui-graphics-1.9.3.pom.sha512 for the dependency org.jetbrains.compose.ui:ui-graphics:1.9.3
00:02.633 DEBUG :TournamentFlowApp:resolveDependenciesAndroidTest DependencyFileImpl        Downloaded https://repo1.maven.org/maven2/org/jetbrains/compose/ui/ui-text/1.9.3/ui-text-1.9.3.pom.sha512 for the dependency org.jetbrains.compose.ui:ui-text:1.9.3
00:02.643 DEBUG :TournamentFlowApp:resolveDependenciesAndroidTest DependencyFileImpl        Not found URL: https://repo1.maven.org/maven2/org/jetbrains/kotlin/kotlin-stdlib-jdk7/2.3.20/kotlin-stdlib-jdk7-2.3.20.pom.sha512
00:02.645 DEBUG :TournamentFlowApp:resolveDependenciesAndroidTest DependencyFileImpl        Not found URL: https://repo1.maven.org/maven2/org/jetbrains/kotlin/kotlin-test-junit/2.3.20/kotlin-test-junit-2.3.20.pom.sha512
00:02.645 DEBUG :TournamentFlowApp:resolveDependenciesAndroidTest DependencyFileImpl        Not found URL: https://repo1.maven.org/maven2/androidx/appcompat/appcompat/1.6.1/appcompat-1.6.1.pom.sha512
00:02.652 DEBUG :TournamentFlowApp:resolveDependenciesAndroidTest DependencyFileImpl        Not found URL: https://repo1.maven.org/maven2/org/jetbrains/kotlin/kotlin-stdlib-jdk8/2.3.20/kotlin-stdlib-jdk8-2.3.20.pom.sha512
00:02.665 DEBUG :TournamentFlowApp:resolveDependenciesAndroidTest DependencyFileImpl        Downloaded https://repo1.maven.org/maven2/org/jetbrains/compose/ui/ui-graphics/1.9.3/ui-graphics-1.9.3.pom for the dependency org.jetbrains.compose.ui:ui-graphics:1.9.3
00:02.667 DEBUG :TournamentFlowApp:resolveDependenciesAndroidTest DependencyFileImpl        Downloaded https://repo1.maven.org/maven2/org/jetbrains/compose/material/material-ripple/1.9.3/material-ripple-1.9.3.pom for the dependency org.jetbrains.compose.material:material-ripple:1.9.3
00:02.671 DEBUG :TournamentFlowApp:resolveDependenciesAndroidTest DependencyFileImpl        Downloaded https://repo1.maven.org/maven2/org/jetbrains/compose/ui/ui-text/1.9.3/ui-text-1.9.3.pom for the dependency org.jetbrains.compose.ui:ui-text:1.9.3
00:02.699 DEBUG :TournamentFlowApp:resolveDependenciesAndroidTest DependencyFileImpl        Downloaded https://repo1.maven.org/maven2/org/jetbrains/compose/ui/ui-graphics/1.9.3/ui-graphics-1.9.3.module.sha512 for the dependency org.jetbrains.compose.ui:ui-graphics:1.9.3
00:02.702 DEBUG :TournamentFlowApp:resolveDependenciesAndroidTest DependencyFileImpl        Downloaded https://repo1.maven.org/maven2/org/jetbrains/compose/material/material-ripple/1.9.3/material-ripple-1.9.3.module.sha512 for the dependency org.jetbrains.compose.material:material-ripple:1.9.3
00:02.730 DEBUG :TournamentFlowApp:resolveDependenciesAndroidTest DependencyFileImpl        Downloaded https://repo1.maven.org/maven2/org/jetbrains/compose/ui/ui-text/1.9.3/ui-text-1.9.3.module.sha512 for the dependency org.jetbrains.compose.ui:ui-text:1.9.3
00:02.734 DEBUG :TournamentFlowApp:resolveDependenciesAndroidTest DependencyFileImpl        Downloaded https://repo1.maven.org/maven2/org/jetbrains/compose/ui/ui-graphics/1.9.3/ui-graphics-1.9.3.module for the dependency org.jetbrains.compose.ui:ui-graphics:1.9.3
00:02.763 DEBUG :TournamentFlowApp:resolveDependenciesAndroidTest DependencyFileImpl        Downloaded https://repo1.maven.org/maven2/org/jetbrains/compose/material/material-ripple/1.9.3/material-ripple-1.9.3.module for the dependency org.jetbrains.compose.material:material-ripple:1.9.3
00:02.764 DEBUG :TournamentFlowApp:resolveDependenciesAndroidTest DependencyFileImpl        Not found URL: https://maven.google.com/org/jetbrains/kotlin/kotlin-test-junit/2.3.20/kotlin-test-junit-2.3.20.pom.sha512
00:02.769 DEBUG :TournamentFlowApp:resolveDependenciesAndroidTest DependencyFileImpl        Downloaded https://repo1.maven.org/maven2/org/jetbrains/compose/ui/ui-text/1.9.3/ui-text-1.9.3.module for the dependency org.jetbrains.compose.ui:ui-text:1.9.3
00:02.771 DEBUG :TournamentFlowApp:resolveDependenciesAndroidTest DependencyFileImpl        Downloaded https://maven.google.com/androidx/activity/activity-compose/1.7.2/activity-compose-1.7.2.pom.sha512 for the dependency androidx.activity:activity-compose:1.7.2
00:02.777 DEBUG :TournamentFlowApp:resolveDependenciesAndroidTest DependencyFileImpl        Not found URL: https://maven.google.com/org/jetbrains/kotlin/kotlin-stdlib-jdk8/2.3.20/kotlin-stdlib-jdk8-2.3.20.pom.sha512
00:02.787 DEBUG :TournamentFlowApp:resolveDependenciesAndroid DependencyFileImpl        Downloaded https://repo1.maven.org/maven2/org/jetbrains/compose/foundation/foundation-layout/1.9.3/foundation-layout-1.9.3.pom.sha512 for the dependency org.jetbrains.compose.foundation:foundation-layout:1.9.3
00:02.798 DEBUG :TournamentFlowApp:resolveDependenciesAndroid DependencyFileImpl        Downloaded https://repo1.maven.org/maven2/org/jetbrains/compose/ui/ui-backhandler/1.9.3/ui-backhandler-1.9.3.pom.sha512 for the dependency org.jetbrains.compose.ui:ui-backhandler:1.9.3
00:02.810 DEBUG :TournamentFlowApp:resolveDependenciesAndroid DependencyFileImpl        Downloaded https://repo1.maven.org/maven2/org/jetbrains/compose/ui/ui-unit/1.9.3/ui-unit-1.9.3.pom.sha512 for the dependency org.jetbrains.compose.ui:ui-unit:1.9.3
00:02.817 DEBUG :TournamentFlowApp:resolveDependenciesAndroid DependencyFileImpl        Downloaded https://repo1.maven.org/maven2/org/jetbrains/compose/ui/ui-util/1.9.3/ui-util-1.9.3.pom.sha512 for the dependency org.jetbrains.compose.ui:ui-util:1.9.3
00:02.827 DEBUG :TournamentFlowApp:resolveDependenciesAndroidTest DependencyFileImpl        Downloaded https://maven.google.com/androidx/appcompat/appcompat/1.6.1/appcompat-1.6.1.pom.sha512 for the dependency androidx.appcompat:appcompat:1.6.1
00:02.831 DEBUG :TournamentFlowApp:resolveDependenciesAndroid DependencyFileImpl        Not found URL: https://repo1.maven.org/maven2/androidx/compose/ui/ui-graphics/1.9.4/ui-graphics-1.9.4.pom.sha512
00:02.847 DEBUG :TournamentFlowApp:resolveDependenciesAndroidTest DependencyFileImpl        Not found URL: https://maven.google.com/org/jetbrains/kotlin/kotlin-stdlib-jdk7/2.3.20/kotlin-stdlib-jdk7-2.3.20.pom.sha512
00:02.860 DEBUG :TournamentFlowApp:resolveDependenciesAndroidTest DependencyFileImpl        Not found URL: https://repo1.maven.org/maven2/androidx/compose/material3/material3/1.5.0-alpha08/material3-1.5.0-alpha08.pom.sha512
00:02.863 DEBUG :TournamentFlowApp:resolveDependenciesAndroid DependencyFileImpl        Downloaded https://repo1.maven.org/maven2/org/jetbrains/compose/annotation-internal/annotation/1.9.3/annotation-1.9.3.pom.sha512 for the dependency org.jetbrains.compose.annotation-internal:annotation:1.9.3
00:02.865 DEBUG :TournamentFlowApp:resolveDependenciesAndroid DependencyFileImpl        Downloaded https://repo1.maven.org/maven2/org/jetbrains/compose/collection-internal/collection/1.9.3/collection-1.9.3.pom.sha512 for the dependency org.jetbrains.compose.collection-internal:collection:1.9.3
00:02.877 DEBUG :TournamentFlowApp:resolveDependenciesAndroid DependencyFileImpl        Not found URL: https://repo1.maven.org/maven2/androidx/compose/material/material-ripple/1.9.4/material-ripple-1.9.4.pom.sha512
00:02.893 DEBUG :TournamentFlowApp:resolveDependenciesAndroid DependencyFileImpl        Downloaded https://repo1.maven.org/maven2/org/jetbrains/compose/animation/animation/1.9.3/animation-1.9.3.pom.sha512 for the dependency org.jetbrains.compose.animation:animation:1.9.3
00:02.894 DEBUG :TournamentFlowApp:resolveDependenciesAndroid DependencyFileImpl        Downloaded https://repo1.maven.org/maven2/org/jetbrains/compose/foundation/foundation-layout/1.9.3/foundation-layout-1.9.3.pom for the dependency org.jetbrains.compose.foundation:foundation-layout:1.9.3
00:02.899 DEBUG :TournamentFlowApp:resolveDependenciesAndroidTest DependencyFileImpl        Not found URL: https://repo1.maven.org/maven2/androidx/graphics/graphics-shapes/1.1.0/graphics-shapes-1.1.0.pom.sha512
00:02.907 DEBUG :TournamentFlowApp:resolveDependenciesAndroid DependencyFileImpl        Downloaded https://repo1.maven.org/maven2/org/jetbrains/compose/runtime/runtime-saveable/1.9.3/runtime-saveable-1.9.3.pom.sha512 for the dependency org.jetbrains.compose.runtime:runtime-saveable:1.9.3
00:02.924 DEBUG :TournamentFlowApp:resolveDependenciesAndroidTest DependencyFileImpl        Not found URL: https://repo1.maven.org/maven2/androidx/compose/ui/ui-text/1.9.4/ui-text-1.9.4.pom.sha512
00:02.926 DEBUG :TournamentFlowApp:resolveDependenciesAndroid DependencyFileImpl        Downloaded https://repo1.maven.org/maven2/org/jetbrains/compose/ui/ui-backhandler/1.9.3/ui-backhandler-1.9.3.pom for the dependency org.jetbrains.compose.ui:ui-backhandler:1.9.3
00:02.928 DEBUG :TournamentFlowApp:resolveDependenciesAndroid DependencyFileImpl        Downloaded https://repo1.maven.org/maven2/org/jetbrains/kotlinx/kotlinx-coroutines-core/1.8.0/kotlinx-coroutines-core-1.8.0.pom.sha512 for the dependency org.jetbrains.kotlinx:kotlinx-coroutines-core:1.8.0
00:02.930 DEBUG :TournamentFlowApp:resolveDependenciesAndroid DependencyFileImpl        Downloaded https://repo1.maven.org/maven2/org/jetbrains/compose/ui/ui-unit/1.9.3/ui-unit-1.9.3.pom for the dependency org.jetbrains.compose.ui:ui-unit:1.9.3
00:02.937 DEBUG :TournamentFlowApp:resolveDependenciesAndroid DependencyFileImpl        Downloaded https://repo1.maven.org/maven2/org/jetbrains/compose/ui/ui-util/1.9.3/ui-util-1.9.3.pom for the dependency org.jetbrains.compose.ui:ui-util:1.9.3
00:02.938 DEBUG :TournamentFlowApp:resolveDependenciesAndroidTest DependencyFileImpl        Downloaded https://maven.google.com/androidx/activity/activity-compose/1.7.2/activity-compose-1.7.2.pom for the dependency androidx.activity:activity-compose:1.7.2
00:02.972 DEBUG :TournamentFlowApp:resolveDependenciesAndroid DependencyFileImpl        Downloaded https://repo1.maven.org/maven2/org/jetbrains/compose/annotation-internal/annotation/1.9.3/annotation-1.9.3.pom for the dependency org.jetbrains.compose.annotation-internal:annotation:1.9.3
00:02.973 DEBUG :TournamentFlowApp:resolveDependenciesAndroid DependencyFileImpl        Downloaded https://repo1.maven.org/maven2/org/jetbrains/compose/collection-internal/collection/1.9.3/collection-1.9.3.pom for the dependency org.jetbrains.compose.collection-internal:collection:1.9.3
00:03.001 DEBUG :TournamentFlowApp:resolveDependenciesAndroid DependencyFileImpl        Downloaded https://repo1.maven.org/maven2/org/jetbrains/compose/animation/animation/1.9.3/animation-1.9.3.pom for the dependency org.jetbrains.compose.animation:animation:1.9.3
00:03.024 DEBUG :TournamentFlowApp:resolveDependenciesAndroid DependencyFileImpl        Not found URL: https://repo1.maven.org/maven2/androidx/annotation/annotation/1.9.1/annotation-1.9.1.pom.sha512
00:03.028 DEBUG :TournamentFlowApp:resolveDependenciesAndroid DependencyFileImpl        Downloaded https://repo1.maven.org/maven2/org/jetbrains/compose/foundation/foundation-layout/1.9.3/foundation-layout-1.9.3.module.sha512 for the dependency org.jetbrains.compose.foundation:foundation-layout:1.9.3
00:03.032 DEBUG :TournamentFlowApp:resolveDependenciesAndroid DependencyFileImpl        Not found URL: https://repo1.maven.org/maven2/androidx/collection/collection/1.5.0/collection-1.5.0.pom.sha512
00:03.050 DEBUG :TournamentFlowApp:resolveDependenciesAndroidTest DependencyFileImpl        Not found URL: https://repo1.maven.org/maven2/org/jetbrains/kotlin/kotlin-test-junit/2.3.20/kotlin-test-junit-2.3.20.pom.sha256
00:03.057 DEBUG :TournamentFlowApp:resolveDependenciesAndroidTest DependencyFileImpl        Downloaded https://maven.google.com/androidx/compose/material3/material3/1.5.0-alpha08/material3-1.5.0-alpha08.pom.sha512 for the dependency androidx.compose.material3:material3:1.5.0-alpha08
00:03.060 DEBUG :TournamentFlowApp:resolveDependenciesAndroid DependencyFileImpl        Downloaded https://repo1.maven.org/maven2/org/jetbrains/compose/runtime/runtime-saveable/1.9.3/runtime-saveable-1.9.3.pom for the dependency org.jetbrains.compose.runtime:runtime-saveable:1.9.3
00:03.075 DEBUG :TournamentFlowApp:resolveDependenciesAndroid DependencyFileImpl        Downloaded https://maven.google.com/androidx/compose/ui/ui-graphics/1.9.4/ui-graphics-1.9.4.pom.sha512 for the dependency androidx.compose.ui:ui-graphics:1.9.4
00:03.080 DEBUG :TournamentFlowApp:resolveDependenciesAndroid DependencyFileImpl        Downloaded https://repo1.maven.org/maven2/org/jetbrains/kotlinx/kotlinx-coroutines-core/1.8.0/kotlinx-coroutines-core-1.8.0.pom for the dependency org.jetbrains.kotlinx:kotlinx-coroutines-core:1.8.0
00:03.087 DEBUG :TournamentFlowApp:resolveDependenciesAndroid DependencyFileImpl        Downloaded https://repo1.maven.org/maven2/org/jetbrains/compose/ui/ui-backhandler/1.9.3/ui-backhandler-1.9.3.module.sha512 for the dependency org.jetbrains.compose.ui:ui-backhandler:1.9.3
00:03.090 DEBUG :TournamentFlowApp:resolveDependenciesAndroid DependencyFileImpl        Downloaded https://repo1.maven.org/maven2/org/jetbrains/compose/ui/ui-unit/1.9.3/ui-unit-1.9.3.module.sha512 for the dependency org.jetbrains.compose.ui:ui-unit:1.9.3
00:03.094 DEBUG :TournamentFlowApp:resolveDependenciesAndroid DependencyFileImpl        Downloaded https://maven.google.com/androidx/compose/material/material-ripple/1.9.4/material-ripple-1.9.4.pom.sha512 for the dependency androidx.compose.material:material-ripple:1.9.4
00:03.100 DEBUG :TournamentFlowApp:resolveDependenciesAndroidTest DependencyFileImpl        Not found URL: https://repo1.maven.org/maven2/org/jetbrains/kotlin/kotlin-stdlib-jdk8/2.3.20/kotlin-stdlib-jdk8-2.3.20.pom.sha256
00:03.105 DEBUG :TournamentFlowApp:resolveDependenciesAndroidTest DependencyFileImpl        Downloaded https://repo1.maven.org/maven2/org/jetbrains/compose/ui/ui-geometry/1.9.3/ui-geometry-1.9.3.pom.sha512 for the dependency org.jetbrains.compose.ui:ui-geometry:1.9.3
00:03.110 DEBUG :TournamentFlowApp:resolveDependenciesAndroid DependencyFileImpl        Downloaded https://repo1.maven.org/maven2/org/jetbrains/compose/ui/ui-util/1.9.3/ui-util-1.9.3.module.sha512 for the dependency org.jetbrains.compose.ui:ui-util:1.9.3
00:03.111 INFO  :TournamentFlowApp:installCmdlineToolsAndroid Downloader                Downloading https://dl.google.com/android/repository/commandlinetools-linux-14742923_latest.zip to /home/melero/.cache/JetBrains/Amper/download.cache/371a9f319a-commandlinetools-linux-14742923_latest.zip
00:03.121 DEBUG :TournamentFlowApp:resolveDependenciesAndroid DependencyFileImpl        Downloaded https://repo1.maven.org/maven2/org/jetbrains/compose/collection-internal/collection/1.9.3/collection-1.9.3.module.sha512 for the dependency org.jetbrains.compose.collection-internal:collection:1.9.3
00:03.124 DEBUG :TournamentFlowApp:resolveDependenciesAndroid DependencyFileImpl        Downloaded https://repo1.maven.org/maven2/org/jetbrains/compose/annotation-internal/annotation/1.9.3/annotation-1.9.3.module.sha512 for the dependency org.jetbrains.compose.annotation-internal:annotation:1.9.3
00:03.131 DEBUG :TournamentFlowApp:resolveDependenciesAndroid DependencyFileImpl        Downloaded https://repo1.maven.org/maven2/org/jetbrains/compose/animation/animation/1.9.3/animation-1.9.3.module.sha512 for the dependency org.jetbrains.compose.animation:animation:1.9.3
00:03.133 DEBUG :TournamentFlowApp:resolveDependenciesAndroidTest DependencyFileImpl        Downloaded https://maven.google.com/androidx/appcompat/appcompat/1.6.1/appcompat-1.6.1.pom for the dependency androidx.appcompat:appcompat:1.6.1
00:03.144 DEBUG :TournamentFlowApp:resolveDependenciesAndroidTest DependencyFileImpl        Downloaded https://maven.google.com/androidx/compose/ui/ui-text/1.9.4/ui-text-1.9.4.pom.sha512 for the dependency androidx.compose.ui:ui-text:1.9.4
00:03.146 DEBUG :TournamentFlowApp:resolveDependenciesAndroid DependencyFileImpl        Downloaded https://repo1.maven.org/maven2/org/jetbrains/compose/foundation/foundation-layout/1.9.3/foundation-layout-1.9.3.module for the dependency org.jetbrains.compose.foundation:foundation-layout:1.9.3
00:03.151 DEBUG :TournamentFlowApp:resolveDependenciesAndroidTest DependencyFileImpl        Downloaded https://maven.google.com/androidx/graphics/graphics-shapes/1.1.0/graphics-shapes-1.1.0.pom.sha512 for the dependency androidx.graphics:graphics-shapes:1.1.0
00:03.163 DEBUG :TournamentFlowApp:resolveDependenciesAndroid DependencyFileImpl        Downloaded https://repo1.maven.org/maven2/org/jetbrains/compose/runtime/runtime-saveable/1.9.3/runtime-saveable-1.9.3.module.sha512 for the dependency org.jetbrains.compose.runtime:runtime-saveable:1.9.3
00:03.176 DEBUG :TournamentFlowApp:resolveDependenciesAndroid DependencyFileImpl        Downloaded https://repo1.maven.org/maven2/org/jetbrains/kotlinx/kotlinx-coroutines-core/1.8.0/kotlinx-coroutines-core-1.8.0.module.sha512 for the dependency org.jetbrains.kotlinx:kotlinx-coroutines-core:1.8.0
00:03.183 DEBUG :TournamentFlowApp:resolveDependenciesAndroid DependencyFileImpl        Downloaded https://repo1.maven.org/maven2/org/jetbrains/compose/ui/ui-backhandler/1.9.3/ui-backhandler-1.9.3.module for the dependency org.jetbrains.compose.ui:ui-backhandler:1.9.3
00:03.193 DEBUG :TournamentFlowApp:resolveDependenciesAndroid DependencyFileImpl        Downloaded https://repo1.maven.org/maven2/org/jetbrains/compose/ui/ui-unit/1.9.3/ui-unit-1.9.3.module for the dependency org.jetbrains.compose.ui:ui-unit:1.9.3
00:03.197 DEBUG :TournamentFlowApp:resolveDependenciesAndroidTest DependencyFileImpl        Not found URL: https://repo1.maven.org/maven2/org/jetbrains/kotlin/kotlin-stdlib-jdk7/2.3.20/kotlin-stdlib-jdk7-2.3.20.pom.sha256
00:03.222 DEBUG :TournamentFlowApp:resolveDependenciesAndroidTest DependencyFileImpl        Downloaded https://repo1.maven.org/maven2/org/jetbrains/compose/ui/ui-geometry/1.9.3/ui-geometry-1.9.3.pom for the dependency org.jetbrains.compose.ui:ui-geometry:1.9.3
00:03.227 DEBUG :TournamentFlowApp:resolveDependenciesAndroid DependencyFileImpl        Downloaded https://repo1.maven.org/maven2/org/jetbrains/compose/ui/ui-util/1.9.3/ui-util-1.9.3.module for the dependency org.jetbrains.compose.ui:ui-util:1.9.3
00:03.239 DEBUG :TournamentFlowApp:resolveDependenciesAndroidTest DependencyFileImpl        Not found URL: https://maven.google.com/org/jetbrains/kotlin/kotlin-test-junit/2.3.20/kotlin-test-junit-2.3.20.pom.sha256
00:03.256 DEBUG :TournamentFlowApp:resolveDependenciesAndroid DependencyFileImpl        Downloaded https://repo1.maven.org/maven2/org/jetbrains/compose/collection-internal/collection/1.9.3/collection-1.9.3.module for the dependency org.jetbrains.compose.collection-internal:collection:1.9.3
00:03.256 DEBUG :TournamentFlowApp:resolveDependenciesAndroidTest DependencyFileImpl        Downloaded https://maven.google.com/androidx/compose/material3/material3/1.5.0-alpha08/material3-1.5.0-alpha08.pom for the dependency androidx.compose.material3:material3:1.5.0-alpha08
00:03.258 DEBUG :TournamentFlowApp:resolveDependenciesAndroid DependencyFileImpl        Downloaded https://repo1.maven.org/maven2/org/jetbrains/compose/annotation-internal/annotation/1.9.3/annotation-1.9.3.module for the dependency org.jetbrains.compose.annotation-internal:annotation:1.9.3
00:03.258 DEBUG :TournamentFlowApp:resolveDependenciesAndroid DependencyFileImpl        Downloaded https://maven.google.com/androidx/compose/material/material-ripple/1.9.4/material-ripple-1.9.4.pom for the dependency androidx.compose.material:material-ripple:1.9.4
00:03.270 DEBUG :TournamentFlowApp:resolveDependenciesAndroid DependencyFileImpl        Downloaded https://repo1.maven.org/maven2/org/jetbrains/compose/animation/animation/1.9.3/animation-1.9.3.module for the dependency org.jetbrains.compose.animation:animation:1.9.3
00:03.271 DEBUG :TournamentFlowApp:resolveDependenciesAndroid DependencyFileImpl        Downloaded https://maven.google.com/androidx/compose/ui/ui-graphics/1.9.4/ui-graphics-1.9.4.pom for the dependency androidx.compose.ui:ui-graphics:1.9.4
00:03.287 DEBUG :TournamentFlowApp:resolveDependenciesAndroid DependencyFileImpl        Downloaded https://repo1.maven.org/maven2/org/jetbrains/compose/animation/animation-core/1.9.3/animation-core-1.9.3.pom.sha512 for the dependency org.jetbrains.compose.animation:animation-core:1.9.3
00:03.293 DEBUG :TournamentFlowApp:resolveDependenciesAndroidTest DependencyFileImpl        Not found URL: https://maven.google.com/org/jetbrains/kotlin/kotlin-stdlib-jdk8/2.3.20/kotlin-stdlib-jdk8-2.3.20.pom.sha256
00:03.302 DEBUG :TournamentFlowApp:resolveDependenciesAndroid DependencyFileImpl        Downloaded https://repo1.maven.org/maven2/org/jetbrains/compose/runtime/runtime-saveable/1.9.3/runtime-saveable-1.9.3.module for the dependency org.jetbrains.compose.runtime:runtime-saveable:1.9.3
00:03.318 DEBUG :TournamentFlowApp:resolveDependenciesAndroid DependencyFileImpl        Downloaded https://repo1.maven.org/maven2/org/jetbrains/compose/ui/ui/1.9.3/ui-1.9.3.pom.sha512 for the dependency org.jetbrains.compose.ui:ui:1.9.3
00:03.323 DEBUG :TournamentFlowApp:resolveDependenciesAndroid DependencyFileImpl        Downloaded https://repo1.maven.org/maven2/org/jetbrains/kotlinx/kotlinx-coroutines-core/1.8.0/kotlinx-coroutines-core-1.8.0.module for the dependency org.jetbrains.kotlinx:kotlinx-coroutines-core:1.8.0
00:03.331 DEBUG :TournamentFlowApp:resolveDependenciesAndroid DependencyFileImpl        Downloaded https://repo1.maven.org/maven2/org/jetbrains/compose/ui/ui-backhandler-android/1.9.3/ui-backhandler-android-1.9.3.pom.sha512 for the dependency org.jetbrains.compose.ui:ui-backhandler-android:1.9.3
00:03.358 DEBUG :TournamentFlowApp:resolveDependenciesAndroidTest DependencyFileImpl        Downloaded https://maven.google.com/androidx/activity/activity-compose/1.7.2/activity-compose-1.7.2.module.sha512 for the dependency androidx.activity:activity-compose:1.7.2
00:03.362 DEBUG :TournamentFlowApp:resolveDependenciesAndroidTest DependencyFileImpl        Downloaded https://repo1.maven.org/maven2/org/jetbrains/compose/ui/ui-geometry/1.9.3/ui-geometry-1.9.3.module.sha512 for the dependency org.jetbrains.compose.ui:ui-geometry:1.9.3
00:03.375 DEBUG :TournamentFlowApp:resolveDependenciesAndroidTest DependencyFileImpl        Downloaded https://maven.google.com/androidx/graphics/graphics-shapes/1.1.0/graphics-shapes-1.1.0.pom for the dependency androidx.graphics:graphics-shapes:1.1.0
00:03.375 DEBUG :TournamentFlowApp:resolveDependenciesAndroid DependencyFileImpl        Downloaded https://maven.google.com/androidx/collection/collection/1.5.0/collection-1.5.0.pom.sha512 for the dependency androidx.collection:collection:1.5.0
00:03.387 DEBUG :TournamentFlowApp:resolveDependenciesAndroid DependencyFileImpl        Not found URL: https://repo1.maven.org/maven2/androidx/compose/ui/ui-unit/1.9.4/ui-unit-1.9.4.pom.sha512
00:03.387 DEBUG :TournamentFlowApp:resolveDependenciesAndroidTest DependencyFileImpl        Downloaded https://maven.google.com/androidx/compose/ui/ui-text/1.9.4/ui-text-1.9.4.pom for the dependency androidx.compose.ui:ui-text:1.9.4
00:03.411 DEBUG :TournamentFlowApp:resolveDependenciesAndroidTest DependencyFileImpl        Downloaded https://repo1.maven.org/maven2/org/jetbrains/kotlin/kotlin-test-junit/2.3.20/kotlin-test-junit-2.3.20.pom.sha1 for the dependency org.jetbrains.kotlin:kotlin-test-junit:2.3.20
00:03.426 DEBUG :TournamentFlowApp:resolveDependenciesAndroidTest DependencyFileImpl        Not found URL: https://maven.google.com/org/jetbrains/kotlin/kotlin-stdlib-jdk7/2.3.20/kotlin-stdlib-jdk7-2.3.20.pom.sha256
00:03.442 DEBUG :TournamentFlowApp:resolveDependenciesAndroid DependencyFileImpl        Downloaded https://repo1.maven.org/maven2/org/jetbrains/compose/animation/animation-core/1.9.3/animation-core-1.9.3.pom for the dependency org.jetbrains.compose.animation:animation-core:1.9.3
00:03.447 DEBUG :TournamentFlowApp:resolveDependenciesAndroid DependencyFileImpl        Not found URL: https://repo1.maven.org/maven2/androidx/compose/animation/animation/1.9.4/animation-1.9.4.pom.sha512
00:03.454 DEBUG :TournamentFlowApp:resolveDependenciesAndroidTest DependencyFileImpl        Downloaded https://maven.google.com/androidx/appcompat/appcompat/1.6.1/appcompat-1.6.1.module.sha512 for the dependency androidx.appcompat:appcompat:1.6.1
00:03.474 DEBUG :TournamentFlowApp:resolveDependenciesAndroidTest DependencyFileImpl        Downloaded https://repo1.maven.org/maven2/org/jetbrains/kotlin/kotlin-stdlib-jdk8/2.3.20/kotlin-stdlib-jdk8-2.3.20.pom.sha1 for the dependency org.jetbrains.kotlin:kotlin-stdlib-jdk8:2.3.20
00:03.476 DEBUG :TournamentFlowApp:resolveDependenciesAndroid DependencyFileImpl        Downloaded https://repo1.maven.org/maven2/org/jetbrains/androidx/lifecycle/lifecycle-runtime-compose/2.9.6/lifecycle-runtime-compose-2.9.6.pom.sha512 for the dependency org.jetbrains.androidx.lifecycle:lifecycle-runtime-compose:2.9.6
00:03.478 DEBUG :TournamentFlowApp:resolveDependenciesAndroid DependencyFileImpl        Downloaded https://repo1.maven.org/maven2/org/jetbrains/androidx/savedstate/savedstate-compose/1.3.6/savedstate-compose-1.3.6.pom.sha512 for the dependency org.jetbrains.androidx.savedstate:savedstate-compose:1.3.6
00:03.494 DEBUG :TournamentFlowApp:resolveDependenciesAndroid DependencyFileImpl        Downloaded https://maven.google.com/androidx/compose/material/material-ripple/1.9.4/material-ripple-1.9.4.module.sha512 for the dependency androidx.compose.material:material-ripple:1.9.4
00:03.505 DEBUG :TournamentFlowApp:resolveDependenciesAndroid DependencyFileImpl        Downloaded https://repo1.maven.org/maven2/org/jetbrains/kotlinx/kotlinx-coroutines-core-jvm/1.8.0/kotlinx-coroutines-core-jvm-1.8.0.pom.sha512 for the dependency org.jetbrains.kotlinx:kotlinx-coroutines-core-jvm:1.8.0
00:03.507 DEBUG :TournamentFlowApp:resolveDependenciesAndroid DependencyFileImpl        Downloaded https://repo1.maven.org/maven2/org/jetbrains/compose/ui/ui/1.9.3/ui-1.9.3.pom for the dependency org.jetbrains.compose.ui:ui:1.9.3
00:03.509 DEBUG :TournamentFlowApp:resolveDependenciesAndroid DependencyFileImpl        Not found URL: https://repo1.maven.org/maven2/androidx/compose/runtime/runtime-saveable/1.9.4/runtime-saveable-1.9.4.pom.sha512
00:03.511 DEBUG :TournamentFlowApp:resolveDependenciesAndroid DependencyFileImpl        Downloaded https://repo1.maven.org/maven2/org/jetbrains/compose/ui/ui-backhandler-android/1.9.3/ui-backhandler-android-1.9.3.pom for the dependency org.jetbrains.compose.ui:ui-backhandler-android:1.9.3
00:03.523 DEBUG :TournamentFlowApp:resolveDependenciesAndroid DependencyFileImpl        Downloaded https://maven.google.com/androidx/compose/ui/ui-graphics/1.9.4/ui-graphics-1.9.4.module.sha512 for the dependency androidx.compose.ui:ui-graphics:1.9.4
00:03.525 DEBUG :TournamentFlowApp:resolveDependenciesAndroid DependencyFileImpl        Downloaded https://maven.google.com/androidx/annotation/annotation/1.9.1/annotation-1.9.1.pom.sha512 for the dependency androidx.annotation:annotation:1.9.1
00:03.535 DEBUG :TournamentFlowApp:resolveDependenciesAndroidTest DependencyFileImpl        Downloaded https://repo1.maven.org/maven2/org/jetbrains/compose/ui/ui-geometry/1.9.3/ui-geometry-1.9.3.module for the dependency org.jetbrains.compose.ui:ui-geometry:1.9.3
00:03.555 DEBUG :TournamentFlowApp:resolveDependenciesAndroid DependencyFileImpl        Not found URL: https://repo1.maven.org/maven2/androidx/compose/foundation/foundation-layout/1.9.4/foundation-layout-1.9.4.pom.sha512
00:03.555 DEBUG :TournamentFlowApp:resolveDependenciesAndroidTest DependencyFileImpl        Downloaded https://repo1.maven.org/maven2/org/jetbrains/kotlin/kotlin-test-junit/2.3.20/kotlin-test-junit-2.3.20.pom for the dependency org.jetbrains.kotlin:kotlin-test-junit:2.3.20
00:03.566 DEBUG :TournamentFlowApp:resolveDependenciesAndroidTest DependencyFileImpl        Downloaded https://maven.google.com/androidx/compose/material3/material3/1.5.0-alpha08/material3-1.5.0-alpha08.module.sha512 for the dependency androidx.compose.material3:material3:1.5.0-alpha08
00:03.581 DEBUG :TournamentFlowApp:resolveDependenciesAndroidTest DependencyFileImpl        Downloaded https://repo1.maven.org/maven2/org/jetbrains/kotlin/kotlin-stdlib-jdk7/2.3.20/kotlin-stdlib-jdk7-2.3.20.pom.sha1 for the dependency org.jetbrains.kotlin:kotlin-stdlib-jdk7:2.3.20
00:03.591 DEBUG :TournamentFlowApp:resolveDependenciesAndroid DependencyFileImpl        Downloaded https://maven.google.com/androidx/collection/collection/1.5.0/collection-1.5.0.pom for the dependency androidx.collection:collection:1.5.0
00:03.594 DEBUG :TournamentFlowApp:resolveDependenciesAndroidTest DependencyFileImpl        Downloaded https://repo1.maven.org/maven2/org/jetbrains/kotlin/kotlin-stdlib-jdk8/2.3.20/kotlin-stdlib-jdk8-2.3.20.pom for the dependency org.jetbrains.kotlin:kotlin-stdlib-jdk8:2.3.20
00:03.610 DEBUG :TournamentFlowApp:resolveDependenciesAndroid DependencyFileImpl        Downloaded https://repo1.maven.org/maven2/org/jetbrains/androidx/lifecycle/lifecycle-runtime-compose/2.9.6/lifecycle-runtime-compose-2.9.6.pom for the dependency org.jetbrains.androidx.lifecycle:lifecycle-runtime-compose:2.9.6
00:03.611 DEBUG :TournamentFlowApp:resolveDependenciesAndroid DependencyFileImpl        Not found URL: https://repo1.maven.org/maven2/androidx/compose/ui/ui-util/1.9.4/ui-util-1.9.4.pom.sha512
00:03.621 DEBUG :TournamentFlowApp:resolveDependenciesAndroid DependencyFileImpl        Downloaded https://repo1.maven.org/maven2/org/jetbrains/androidx/savedstate/savedstate-compose/1.3.6/savedstate-compose-1.3.6.pom for the dependency org.jetbrains.androidx.savedstate:savedstate-compose:1.3.6
00:03.628 DEBUG :TournamentFlowApp:resolveDependenciesAndroidTest DependencyFileImpl        Downloaded https://maven.google.com/androidx/activity/activity-compose/1.7.2/activity-compose-1.7.2.module for the dependency androidx.activity:activity-compose:1.7.2
00:03.630 DEBUG :TournamentFlowApp:resolveDependenciesAndroidTest DependencyFileImpl        Downloaded https://maven.google.com/androidx/graphics/graphics-shapes/1.1.0/graphics-shapes-1.1.0.module.sha512 for the dependency androidx.graphics:graphics-shapes:1.1.0
00:03.639 DEBUG :TournamentFlowApp:resolveDependenciesAndroidTest DependencyFileImpl        Downloaded https://maven.google.com/androidx/appcompat/appcompat/1.6.1/appcompat-1.6.1.module for the dependency androidx.appcompat:appcompat:1.6.1
00:03.640 DEBUG :TournamentFlowApp:resolveDependenciesAndroid DependencyFileImpl        Downloaded https://maven.google.com/androidx/compose/ui/ui-unit/1.9.4/ui-unit-1.9.4.pom.sha512 for the dependency androidx.compose.ui:ui-unit:1.9.4
00:03.640 DEBUG :TournamentFlowApp:resolveDependenciesAndroid DependencyFileImpl        Downloaded https://repo1.maven.org/maven2/org/jetbrains/kotlinx/kotlinx-coroutines-core-jvm/1.8.0/kotlinx-coroutines-core-jvm-1.8.0.pom for the dependency org.jetbrains.kotlinx:kotlinx-coroutines-core-jvm:1.8.0
00:03.646 DEBUG :TournamentFlowApp:resolveDependenciesAndroidTest DependencyFileImpl        Downloaded https://maven.google.com/androidx/compose/ui/ui-text/1.9.4/ui-text-1.9.4.module.sha512 for the dependency androidx.compose.ui:ui-text:1.9.4
00:03.656 DEBUG :TournamentFlowApp:resolveDependenciesAndroid DependencyFileImpl        Downloaded https://repo1.maven.org/maven2/org/jetbrains/compose/ui/ui/1.9.3/ui-1.9.3.module.sha512 for the dependency org.jetbrains.compose.ui:ui:1.9.3
00:03.660 DEBUG :TournamentFlowApp:resolveDependenciesAndroid DependencyFileImpl        Downloaded https://repo1.maven.org/maven2/org/jetbrains/compose/ui/ui-backhandler-android/1.9.3/ui-backhandler-android-1.9.3.module.sha512 for the dependency org.jetbrains.compose.ui:ui-backhandler-android:1.9.3
00:03.665 DEBUG :TournamentFlowApp:resolveDependenciesAndroid DependencyFileImpl        Downloaded https://maven.google.com/androidx/compose/animation/animation/1.9.4/animation-1.9.4.pom.sha512 for the dependency androidx.compose.animation:animation:1.9.4
00:03.684 DEBUG :TournamentFlowApp:resolveDependenciesAndroidTest DependencyFileImpl        Downloaded https://repo1.maven.org/maven2/org/jetbrains/kotlin/kotlin-stdlib-jdk7/2.3.20/kotlin-stdlib-jdk7-2.3.20.pom for the dependency org.jetbrains.kotlin:kotlin-stdlib-jdk7:2.3.20
00:03.697 DEBUG :TournamentFlowApp:resolveDependenciesAndroid DependencyFileImpl        Downloaded https://repo1.maven.org/maven2/org/jetbrains/androidx/lifecycle/lifecycle-runtime-compose/2.9.6/lifecycle-runtime-compose-2.9.6.module.sha512 for the dependency org.jetbrains.androidx.lifecycle:lifecycle-runtime-compose:2.9.6
00:03.697 DEBUG :TournamentFlowApp:resolveDependenciesAndroid DependencyFileImpl        Downloaded https://repo1.maven.org/maven2/org/jetbrains/androidx/savedstate/savedstate-compose/1.3.6/savedstate-compose-1.3.6.module.sha512 for the dependency org.jetbrains.androidx.savedstate:savedstate-compose:1.3.6
00:03.709 DEBUG :TournamentFlowApp:resolveDependenciesAndroid DependencyFileImpl        Not found URL: https://repo1.maven.org/maven2/androidx/compose/ui/ui-geometry/1.9.4/ui-geometry-1.9.4.pom.sha512
00:03.717 DEBUG :TournamentFlowApp:resolveDependenciesAndroid DependencyFileImpl        Downloaded https://maven.google.com/androidx/compose/material/material-ripple/1.9.4/material-ripple-1.9.4.module for the dependency androidx.compose.material:material-ripple:1.9.4
00:03.755 DEBUG :TournamentFlowApp:resolveDependenciesAndroid DependencyFileImpl        Not found URL: https://repo1.maven.org/maven2/androidx/compose/ui/ui/1.0.1/ui-1.0.1.pom.sha512
00:03.762 DEBUG :TournamentFlowApp:resolveDependenciesAndroid DependencyFileImpl        Not found URL: https://repo1.maven.org/maven2/androidx/activity/activity-ktx/1.7.2/activity-ktx-1.7.2.pom.sha512
00:03.777 DEBUG :TournamentFlowApp:resolveDependenciesAndroid DependencyFileImpl        Downloaded https://maven.google.com/androidx/compose/ui/ui-graphics/1.9.4/ui-graphics-1.9.4.module for the dependency androidx.compose.ui:ui-graphics:1.9.4
00:03.778 DEBUG :TournamentFlowApp:resolveDependenciesAndroid DependencyFileImpl        Downloaded https://maven.google.com/androidx/compose/foundation/foundation-layout/1.9.4/foundation-layout-1.9.4.pom.sha512 for the dependency androidx.compose.foundation:foundation-layout:1.9.4
00:03.784 DEBUG :TournamentFlowApp:resolveDependenciesAndroid DependencyFileImpl        Downloaded https://repo1.maven.org/maven2/org/jetbrains/compose/animation/animation-core/1.9.3/animation-core-1.9.3.module.sha512 for the dependency org.jetbrains.compose.animation:animation-core:1.9.3
00:03.788 DEBUG :TournamentFlowApp:resolveDependenciesAndroidTest DependencyFileImpl        Downloaded https://maven.google.com/androidx/compose/material3/material3/1.5.0-alpha08/material3-1.5.0-alpha08.module for the dependency androidx.compose.material3:material3:1.5.0-alpha08
00:03.795 DEBUG :TournamentFlowApp:resolveDependenciesAndroid DependencyFileImpl        Downloaded https://repo1.maven.org/maven2/org/jetbrains/kotlinx/kotlinx-coroutines-core-jvm/1.8.0/kotlinx-coroutines-core-jvm-1.8.0.module.sha512 for the dependency org.jetbrains.kotlinx:kotlinx-coroutines-core-jvm:1.8.0
00:03.828 DEBUG :TournamentFlowApp:resolveDependenciesAndroid DependencyFileImpl        Downloaded https://repo1.maven.org/maven2/org/jetbrains/compose/ui/ui/1.9.3/ui-1.9.3.module for the dependency org.jetbrains.compose.ui:ui:1.9.3
00:03.831 DEBUG :TournamentFlowApp:resolveDependenciesAndroidTest DependencyFileImpl        Downloaded https://maven.google.com/androidx/graphics/graphics-shapes/1.1.0/graphics-shapes-1.1.0.module for the dependency androidx.graphics:graphics-shapes:1.1.0
00:03.832 DEBUG :TournamentFlowApp:resolveDependenciesAndroid DependencyFileImpl        Downloaded https://maven.google.com/androidx/compose/ui/ui-util/1.9.4/ui-util-1.9.4.pom.sha512 for the dependency androidx.compose.ui:ui-util:1.9.4
00:03.849 DEBUG :TournamentFlowApp:resolveDependenciesAndroidTest DependencyFileImpl        Downloaded https://maven.google.com/androidx/compose/ui/ui-text/1.9.4/ui-text-1.9.4.module for the dependency androidx.compose.ui:ui-text:1.9.4
00:03.893 DEBUG :TournamentFlowApp:resolveDependenciesAndroidTest DependencyFileImpl        Not found URL: https://repo1.maven.org/maven2/androidx/core/core/1.9.0/core-1.9.0.pom.sha512
00:03.899 DEBUG :TournamentFlowApp:resolveDependenciesAndroidTest DependencyFileImpl        Not found URL: https://repo1.maven.org/maven2/org/jetbrains/kotlin/kotlin-test-junit/2.3.20/kotlin-test-junit-2.3.20.module.sha512
00:03.937 DEBUG :TournamentFlowApp:resolveDependenciesAndroid DependencyFileImpl        Downloaded https://repo1.maven.org/maven2/org/jetbrains/compose/ui/ui-backhandler-android/1.9.3/ui-backhandler-android-1.9.3.module for the dependency org.jetbrains.compose.ui:ui-backhandler-android:1.9.3
00:03.967 DEBUG :TournamentFlowApp:resolveDependenciesAndroid DependencyFileImpl        Not found URL: https://repo1.maven.org/maven2/androidx/emoji2/emoji2/1.2.0/emoji2-1.2.0.pom.sha512
00:03.978 DEBUG :TournamentFlowApp:resolveDependenciesAndroidTest DependencyFileImpl        Not found URL: https://repo1.maven.org/maven2/androidx/cursoradapter/cursoradapter/1.0.0/cursoradapter-1.0.0.pom.sha512
00:03.993 DEBUG :TournamentFlowApp:resolveDependenciesAndroidTest DependencyFileImpl        Not found URL: https://repo1.maven.org/maven2/androidx/drawerlayout/drawerlayout/1.0.0/drawerlayout-1.0.0.pom.sha512
00:04.006 DEBUG :TournamentFlowApp:resolveDependenciesAndroidTest DependencyFileImpl        Not found URL: https://repo1.maven.org/maven2/androidx/appcompat/appcompat-resources/1.6.1/appcompat-resources-1.6.1.pom.sha512
00:04.016 DEBUG :TournamentFlowApp:resolveDependenciesAndroid DependencyFileImpl        Downloaded https://maven.google.com/androidx/compose/ui/ui-unit/1.9.4/ui-unit-1.9.4.pom for the dependency androidx.compose.ui:ui-unit:1.9.4
00:04.028 DEBUG :TournamentFlowApp:resolveDependenciesAndroid DependencyFileImpl        Downloaded https://repo1.maven.org/maven2/org/jetbrains/androidx/lifecycle/lifecycle-runtime-compose/2.9.6/lifecycle-runtime-compose-2.9.6.module for the dependency org.jetbrains.androidx.lifecycle:lifecycle-runtime-compose:2.9.6
00:04.045 DEBUG :TournamentFlowApp:resolveDependenciesAndroidTest DependencyFileImpl        Not found URL: https://repo1.maven.org/maven2/androidx/savedstate/savedstate/1.2.0/savedstate-1.2.0.pom.sha512
00:04.065 DEBUG :TournamentFlowApp:resolveDependenciesAndroid DependencyFileImpl        Downloaded https://repo1.maven.org/maven2/org/jetbrains/androidx/savedstate/savedstate-compose/1.3.6/savedstate-compose-1.3.6.module for the dependency org.jetbrains.androidx.savedstate:savedstate-compose:1.3.6
00:04.090 DEBUG :TournamentFlowApp:resolveDependenciesAndroid DependencyFileImpl        Not found URL: https://repo1.maven.org/maven2/androidx/compose/material/material-ripple-android/1.9.4/material-ripple-android-1.9.4.pom.sha512
00:04.095 DEBUG :TournamentFlowApp:resolveDependenciesAndroid DependencyFileImpl        Not found URL: https://repo1.maven.org/maven2/androidx/core/core-ktx/1.8.0/core-ktx-1.8.0.pom.sha512
00:04.109 DEBUG :TournamentFlowApp:resolveDependenciesAndroid DependencyFileImpl        Downloaded https://maven.google.com/androidx/compose/animation/animation/1.9.4/animation-1.9.4.pom for the dependency androidx.compose.animation:animation:1.9.4
00:04.113 DEBUG :TournamentFlowApp:resolveDependenciesAndroidTest DependencyFileImpl        Not found URL: https://repo1.maven.org/maven2/androidx/fragment/fragment/1.3.6/fragment-1.3.6.pom.sha512
00:04.117 DEBUG :TournamentFlowApp:resolveDependenciesAndroid DependencyFileImpl        Not found URL: https://repo1.maven.org/maven2/androidx/compose/ui/ui-graphics-android/1.9.4/ui-graphics-android-1.9.4.pom.sha512
00:04.119 DEBUG :TournamentFlowApp:resolveDependenciesAndroid DependencyFileImpl        Not found URL: https://repo1.maven.org/maven2/androidx/emoji2/emoji2-views-helper/1.2.0/emoji2-views-helper-1.2.0.pom.sha512
00:04.120 DEBUG :TournamentFlowApp:resolveDependenciesAndroid DependencyFileImpl        Downloaded https://repo1.maven.org/maven2/org/jetbrains/compose/animation/animation-core/1.9.3/animation-core-1.9.3.module for the dependency org.jetbrains.compose.animation:animation-core:1.9.3
00:04.136 DEBUG :TournamentFlowApp:resolveDependenciesAndroid DependencyFileImpl        Downloaded https://repo1.maven.org/maven2/org/jetbrains/kotlinx/kotlinx-coroutines-core-jvm/1.8.0/kotlinx-coroutines-core-jvm-1.8.0.module for the dependency org.jetbrains.kotlinx:kotlinx-coroutines-core-jvm:1.8.0
00:04.148 DEBUG :TournamentFlowApp:resolveDependenciesAndroid DependencyFileImpl        Downloaded https://repo1.maven.org/maven2/org/jetbrains/androidx/lifecycle/lifecycle-runtime/2.9.6/lifecycle-runtime-2.9.6.pom.sha512 for the dependency org.jetbrains.androidx.lifecycle:lifecycle-runtime:2.9.6
00:04.149 DEBUG :TournamentFlowApp:resolveDependenciesAndroid DependencyFileImpl        Downloaded https://repo1.maven.org/maven2/org/jetbrains/androidx/lifecycle/lifecycle-common/2.9.6/lifecycle-common-2.9.6.pom.sha512 for the dependency org.jetbrains.androidx.lifecycle:lifecycle-common:2.9.6
00:04.155 DEBUG :TournamentFlowApp:resolveDependenciesAndroid DependencyFileImpl        Not found URL: https://repo1.maven.org/maven2/androidx/compose/material3/material3-android/1.5.0-alpha08/material3-android-1.5.0-alpha08.pom.sha512
00:04.155 DEBUG :TournamentFlowApp:resolveDependenciesAndroid DependencyFileImpl        Downloaded https://maven.google.com/androidx/compose/ui/ui-geometry/1.9.4/ui-geometry-1.9.4.pom.sha512 for the dependency androidx.compose.ui:ui-geometry:1.9.4
00:04.167 DEBUG :TournamentFlowApp:resolveDependenciesAndroid DependencyFileImpl        Downloaded https://maven.google.com/androidx/compose/foundation/foundation-layout/1.9.4/foundation-layout-1.9.4.pom for the dependency androidx.compose.foundation:foundation-layout:1.9.4
00:04.167 DEBUG :TournamentFlowApp:resolveDependenciesAndroid DependencyFileImpl        Downloaded https://repo1.maven.org/maven2/org/jetbrains/androidx/lifecycle/lifecycle-viewmodel-savedstate/2.9.6/lifecycle-viewmodel-savedstate-2.9.6.pom.sha512 for the dependency org.jetbrains.androidx.lifecycle:lifecycle-viewmodel-savedstate:2.9.6
00:04.178 DEBUG :TournamentFlowApp:resolveDependenciesAndroid DependencyFileImpl        Downloaded https://repo1.maven.org/maven2/org/jetbrains/androidx/lifecycle/lifecycle-viewmodel/2.9.6/lifecycle-viewmodel-2.9.6.pom.sha512 for the dependency org.jetbrains.androidx.lifecycle:lifecycle-viewmodel:2.9.6
00:04.180 DEBUG :TournamentFlowApp:resolveDependenciesAndroid DependencyFileImpl        Not found URL: https://repo1.maven.org/maven2/androidx/graphics/graphics-shapes-android/1.1.0/graphics-shapes-android-1.1.0.pom.sha512
00:04.203 DEBUG :TournamentFlowApp:resolveDependenciesAndroid DependencyFileImpl        Not found URL: https://repo1.maven.org/maven2/androidx/lifecycle/lifecycle-runtime/2.5.1/lifecycle-runtime-2.5.1.pom.sha512
00:04.214 DEBUG :TournamentFlowApp:resolveDependenciesAndroid DependencyFileImpl        Not found URL: https://repo1.maven.org/maven2/androidx/compose/ui/ui-text-android/1.9.4/ui-text-android-1.9.4.pom.sha512
00:04.245 DEBUG :TournamentFlowApp:resolveDependenciesAndroid DependencyFileImpl        Not found URL: https://repo1.maven.org/maven2/androidx/resourceinspection/resourceinspection-annotation/1.0.1/resourceinspection-annotation-1.0.1.pom.sha512
00:04.269 DEBUG :TournamentFlowApp:resolveDependenciesAndroid DependencyFileImpl        Not found URL: https://repo1.maven.org/maven2/androidx/lifecycle/lifecycle-runtime-compose/2.9.4/lifecycle-runtime-compose-2.9.4.pom.sha512
00:04.270 DEBUG :TournamentFlowApp:resolveDependenciesAndroidTest DependencyFileImpl        Not found URL: https://maven.google.com/org/jetbrains/kotlin/kotlin-test-junit/2.3.20/kotlin-test-junit-2.3.20.module.sha512
00:04.280 DEBUG :TournamentFlowApp:resolveDependenciesAndroidTest DependencyFileImpl        Downloaded https://maven.google.com/androidx/core/core/1.9.0/core-1.9.0.pom.sha512 for the dependency androidx.core:core:1.9.0
00:04.288 DEBUG :TournamentFlowApp:resolveDependenciesAndroid DependencyFileImpl        Downloaded https://maven.google.com/androidx/emoji2/emoji2/1.2.0/emoji2-1.2.0.pom.sha512 for the dependency androidx.emoji2:emoji2:1.2.0
00:04.291 DEBUG :TournamentFlowApp:resolveDependenciesAndroidTest DependencyFileImpl        Not found URL: https://maven.google.com/androidx/cursoradapter/cursoradapter/1.0.0/cursoradapter-1.0.0.pom.sha512
00:04.297 DEBUG :TournamentFlowApp:resolveDependenciesAndroidTest DependencyFileImpl        Not found URL: https://maven.google.com/androidx/drawerlayout/drawerlayout/1.0.0/drawerlayout-1.0.0.pom.sha512
00:04.307 DEBUG :TournamentFlowApp:resolveDependenciesAndroidTest DependencyFileImpl        Downloaded https://maven.google.com/androidx/appcompat/appcompat-resources/1.6.1/appcompat-resources-1.6.1.pom.sha512 for the dependency androidx.appcompat:appcompat-resources:1.6.1
00:04.334 DEBUG :TournamentFlowApp:resolveDependenciesAndroid DependencyFileImpl        Not found URL: https://repo1.maven.org/maven2/androidx/savedstate/savedstate-compose/1.3.3/savedstate-compose-1.3.3.pom.sha512
00:04.354 DEBUG :TournamentFlowApp:resolveDependenciesAndroidTest DependencyFileImpl        Downloaded https://maven.google.com/androidx/savedstate/savedstate/1.2.0/savedstate-1.2.0.pom.sha512 for the dependency androidx.savedstate:savedstate:1.2.0
00:04.386 DEBUG :TournamentFlowApp:resolveDependenciesAndroid DependencyFileImpl        Downloaded https://repo1.maven.org/maven2/org/jetbrains/androidx/lifecycle/lifecycle-runtime/2.9.6/lifecycle-runtime-2.9.6.pom for the dependency org.jetbrains.androidx.lifecycle:lifecycle-runtime:2.9.6
00:04.386 DEBUG :TournamentFlowApp:resolveDependenciesAndroid DependencyFileImpl        Downloaded https://maven.google.com/androidx/compose/material/material-ripple-android/1.9.4/material-ripple-android-1.9.4.pom.sha512 for the dependency androidx.compose.material:material-ripple-android:1.9.4
00:04.394 DEBUG :TournamentFlowApp:resolveDependenciesAndroid DependencyFileImpl        Not found URL: https://repo1.maven.org/maven2/androidx/compose/ui/ui-unit/1.9.4/ui-unit-1.9.4.module.sha512
00:04.394 DEBUG :TournamentFlowApp:resolveDependenciesAndroid DependencyFileImpl        Not found URL: https://repo1.maven.org/maven2/org/jetbrains/annotations/23.0.0/annotations-23.0.0.pom.sha512
00:04.413 DEBUG :TournamentFlowApp:resolveDependenciesAndroid DependencyFileImpl        Downloaded https://maven.google.com/androidx/core/core-ktx/1.8.0/core-ktx-1.8.0.pom.sha512 for the dependency androidx.core:core-ktx:1.8.0
00:04.416 DEBUG :TournamentFlowApp:resolveDependenciesAndroidTest DependencyFileImpl        Downloaded https://maven.google.com/androidx/fragment/fragment/1.3.6/fragment-1.3.6.pom.sha512 for the dependency androidx.fragment:fragment:1.3.6
00:04.416 DEBUG :TournamentFlowApp:resolveDependenciesAndroid DependencyFileImpl        Downloaded https://repo1.maven.org/maven2/org/jetbrains/androidx/lifecycle/lifecycle-common/2.9.6/lifecycle-common-2.9.6.pom for the dependency org.jetbrains.androidx.lifecycle:lifecycle-common:2.9.6
00:04.426 DEBUG :TournamentFlowApp:resolveDependenciesAndroid DependencyFileImpl        Downloaded https://maven.google.com/androidx/compose/ui/ui-graphics-android/1.9.4/ui-graphics-android-1.9.4.pom.sha512 for the dependency androidx.compose.ui:ui-graphics-android:1.9.4
00:04.432 DEBUG :TournamentFlowApp:resolveDependenciesAndroid DependencyFileImpl        Downloaded https://maven.google.com/androidx/emoji2/emoji2-views-helper/1.2.0/emoji2-views-helper-1.2.0.pom.sha512 for the dependency androidx.emoji2:emoji2-views-helper:1.2.0
00:04.442 DEBUG :TournamentFlowApp:resolveDependenciesAndroid DependencyFileImpl        Downloaded https://repo1.maven.org/maven2/org/jetbrains/androidx/lifecycle/lifecycle-viewmodel-savedstate/2.9.6/lifecycle-viewmodel-savedstate-2.9.6.pom for the dependency org.jetbrains.androidx.lifecycle:lifecycle-viewmodel-savedstate:2.9.6
00:04.445 DEBUG :TournamentFlowApp:resolveDependenciesAndroid DependencyFileImpl        Downloaded https://repo1.maven.org/maven2/org/jetbrains/androidx/lifecycle/lifecycle-viewmodel/2.9.6/lifecycle-viewmodel-2.9.6.pom for the dependency org.jetbrains.androidx.lifecycle:lifecycle-viewmodel:2.9.6
00:04.473 DEBUG :TournamentFlowApp:resolveDependenciesAndroid DependencyFileImpl        Downloaded https://maven.google.com/androidx/compose/ui/ui-util/1.9.4/ui-util-1.9.4.pom for the dependency androidx.compose.ui:ui-util:1.9.4
00:04.534 DEBUG :TournamentFlowApp:resolveDependenciesAndroid DependencyFileImpl        Downloaded https://maven.google.com/androidx/compose/material3/material3-android/1.5.0-alpha08/material3-android-1.5.0-alpha08.pom.sha512 for the dependency androidx.compose.material3:material3-android:1.5.0-alpha08
00:04.545 DEBUG :TournamentFlowApp:resolveDependenciesAndroid DependencyFileImpl        Downloaded https://maven.google.com/androidx/resourceinspection/resourceinspection-annotation/1.0.1/resourceinspection-annotation-1.0.1.pom.sha512 for the dependency androidx.resourceinspection:resourceinspection-annotation:1.0.1
00:04.550 DEBUG :TournamentFlowApp:resolveDependenciesAndroid DependencyFileImpl        Not found URL: https://repo1.maven.org/maven2/androidx/compose/animation/animation-core/1.9.4/animation-core-1.9.4.pom.sha512
00:04.562 DEBUG :TournamentFlowApp:resolveDependenciesAndroid DependencyFileImpl        Downloaded https://maven.google.com/androidx/graphics/graphics-shapes-android/1.1.0/graphics-shapes-android-1.1.0.pom.sha512 for the dependency androidx.graphics:graphics-shapes-android:1.1.0
00:04.566 DEBUG :TournamentFlowApp:resolveDependenciesAndroid DependencyFileImpl        Downloaded https://maven.google.com/androidx/lifecycle/lifecycle-runtime/2.5.1/lifecycle-runtime-2.5.1.pom.sha512 for the dependency androidx.lifecycle:lifecycle-runtime:2.5.1
00:04.570 DEBUG :TournamentFlowApp:resolveDependenciesAndroid DependencyFileImpl        Downloaded https://maven.google.com/androidx/compose/ui/ui-geometry/1.9.4/ui-geometry-1.9.4.pom for the dependency androidx.compose.ui:ui-geometry:1.9.4
00:04.577 DEBUG :TournamentFlowApp:resolveDependenciesAndroid DependencyFileImpl        Downloaded https://maven.google.com/androidx/compose/ui/ui-text-android/1.9.4/ui-text-android-1.9.4.pom.sha512 for the dependency androidx.compose.ui:ui-text-android:1.9.4
00:04.593 DEBUG :TournamentFlowApp:resolveDependenciesAndroid DependencyFileImpl        Downloaded https://maven.google.com/androidx/lifecycle/lifecycle-runtime-compose/2.9.4/lifecycle-runtime-compose-2.9.4.pom.sha512 for the dependency androidx.lifecycle:lifecycle-runtime-compose:2.9.4
00:04.606 DEBUG :TournamentFlowApp:resolveDependenciesAndroid DependencyFileImpl        Downloaded https://maven.google.com/androidx/compose/foundation/foundation-layout/1.9.4/foundation-layout-1.9.4.module.sha512 for the dependency androidx.compose.foundation:foundation-layout:1.9.4
00:04.616 DEBUG :TournamentFlowApp:resolveDependenciesAndroid DependencyFileImpl        Downloaded https://maven.google.com/androidx/emoji2/emoji2/1.2.0/emoji2-1.2.0.pom for the dependency androidx.emoji2:emoji2:1.2.0
00:04.621 DEBUG :TournamentFlowApp:resolveDependenciesAndroidTest DependencyFileImpl        Downloaded https://maven.google.com/androidx/core/core/1.9.0/core-1.9.0.pom for the dependency androidx.core:core:1.9.0
00:04.637 DEBUG :TournamentFlowApp:resolveDependenciesAndroidTest DependencyFileImpl        Downloaded https://repo1.maven.org/maven2/org/jetbrains/androidx/savedstate/savedstate/1.3.6/savedstate-1.3.6.pom.sha512 for the dependency org.jetbrains.androidx.savedstate:savedstate:1.3.6
00:04.645 DEBUG :TournamentFlowApp:resolveDependenciesAndroidTest DependencyFileImpl        Downloaded https://maven.google.com/androidx/savedstate/savedstate/1.2.0/savedstate-1.2.0.pom for the dependency androidx.savedstate:savedstate:1.2.0
00:04.647 DEBUG :TournamentFlowApp:resolveDependenciesAndroid DependencyFileImpl        Downloaded https://repo1.maven.org/maven2/org/jetbrains/androidx/lifecycle/lifecycle-runtime/2.9.6/lifecycle-runtime-2.9.6.module.sha512 for the dependency org.jetbrains.androidx.lifecycle:lifecycle-runtime:2.9.6
00:04.674 DEBUG :TournamentFlowApp:resolveDependenciesAndroid DependencyFileImpl        Downloaded https://maven.google.com/androidx/compose/material/material-ripple-android/1.9.4/material-ripple-android-1.9.4.pom for the dependency androidx.compose.material:material-ripple-android:1.9.4
00:04.693 DEBUG :TournamentFlowApp:resolveDependenciesAndroid DependencyFileImpl        Downloaded https://maven.google.com/androidx/savedstate/savedstate-compose/1.3.3/savedstate-compose-1.3.3.pom.sha512 for the dependency androidx.savedstate:savedstate-compose:1.3.3
00:04.698 DEBUG :TournamentFlowApp:resolveDependenciesAndroidTest DependencyFileImpl        Downloaded https://maven.google.com/androidx/appcompat/appcompat-resources/1.6.1/appcompat-resources-1.6.1.pom for the dependency androidx.appcompat:appcompat-resources:1.6.1
00:04.704 DEBUG :TournamentFlowApp:resolveDependenciesAndroid DependencyFileImpl        Downloaded https://maven.google.com/androidx/core/core-ktx/1.8.0/core-ktx-1.8.0.pom for the dependency androidx.core:core-ktx:1.8.0
00:04.705 DEBUG :TournamentFlowApp:resolveDependenciesAndroidTest DependencyFileImpl        Downloaded https://maven.google.com/androidx/fragment/fragment/1.3.6/fragment-1.3.6.pom for the dependency androidx.fragment:fragment:1.3.6
00:04.707 DEBUG :TournamentFlowApp:resolveDependenciesAndroid DependencyFileImpl        Downloaded https://repo1.maven.org/maven2/org/jetbrains/androidx/lifecycle/lifecycle-common/2.9.6/lifecycle-common-2.9.6.module.sha512 for the dependency org.jetbrains.androidx.lifecycle:lifecycle-common:2.9.6
00:04.722 DEBUG :TournamentFlowApp:resolveDependenciesAndroidTest DependencyFileImpl        Not found URL: https://repo1.maven.org/maven2/org/jetbrains/kotlin/kotlin-test-junit/2.3.20/kotlin-test-junit-2.3.20.module.sha256
00:04.735 DEBUG :TournamentFlowApp:resolveDependenciesAndroid DependencyFileImpl        Downloaded https://repo1.maven.org/maven2/org/jetbrains/androidx/lifecycle/lifecycle-viewmodel-savedstate/2.9.6/lifecycle-viewmodel-savedstate-2.9.6.module.sha512 for the dependency org.jetbrains.androidx.lifecycle:lifecycle-viewmodel-savedstate:2.9.6
00:04.736 DEBUG :TournamentFlowApp:resolveDependenciesAndroid DependencyFileImpl        Downloaded https://repo1.maven.org/maven2/org/jetbrains/androidx/lifecycle/lifecycle-viewmodel/2.9.6/lifecycle-viewmodel-2.9.6.module.sha512 for the dependency org.jetbrains.androidx.lifecycle:lifecycle-viewmodel:2.9.6
00:04.757 DEBUG :TournamentFlowApp:resolveDependenciesAndroid DependencyFileImpl        Downloaded https://maven.google.com/androidx/emoji2/emoji2-views-helper/1.2.0/emoji2-views-helper-1.2.0.pom for the dependency androidx.emoji2:emoji2-views-helper:1.2.0
00:04.758 DEBUG :TournamentFlowApp:resolveDependenciesAndroid DependencyFileImpl        Not found URL: https://maven.google.com/org/jetbrains/annotations/23.0.0/annotations-23.0.0.pom.sha512
00:04.764 DEBUG :TournamentFlowApp:resolveDependenciesAndroidTest DependencyFileImpl        Not found URL: https://repo1.maven.org/maven2/androidx/cursoradapter/cursoradapter/1.0.0/cursoradapter-1.0.0.pom.sha256
00:04.778 DEBUG :TournamentFlowApp:resolveDependenciesAndroidTest DependencyFileImpl        Not found URL: https://repo1.maven.org/maven2/androidx/drawerlayout/drawerlayout/1.0.0/drawerlayout-1.0.0.pom.sha256
00:04.796 DEBUG :TournamentFlowApp:resolveDependenciesAndroid DependencyFileImpl        Downloaded https://maven.google.com/androidx/resourceinspection/resourceinspection-annotation/1.0.1/resourceinspection-annotation-1.0.1.pom for the dependency androidx.resourceinspection:resourceinspection-annotation:1.0.1
00:04.818 DEBUG :TournamentFlowApp:resolveDependenciesAndroid DependencyFileImpl        Downloaded https://maven.google.com/androidx/compose/ui/ui-graphics-android/1.9.4/ui-graphics-android-1.9.4.pom for the dependency androidx.compose.ui:ui-graphics-android:1.9.4
00:04.827 DEBUG :TournamentFlowApp:resolveDependenciesAndroid DependencyFileImpl        Downloaded https://maven.google.com/androidx/lifecycle/lifecycle-runtime/2.5.1/lifecycle-runtime-2.5.1.pom for the dependency androidx.lifecycle:lifecycle-runtime:2.5.1
00:04.842 DEBUG :TournamentFlowApp:resolveDependenciesAndroid DependencyFileImpl        Downloaded https://maven.google.com/androidx/compose/ui/ui-util/1.9.4/ui-util-1.9.4.module.sha512 for the dependency androidx.compose.ui:ui-util:1.9.4
00:04.845 DEBUG :TournamentFlowApp:resolveDependenciesAndroid DependencyFileImpl        Downloaded https://maven.google.com/androidx/compose/material3/material3-android/1.5.0-alpha08/material3-android-1.5.0-alpha08.pom for the dependency androidx.compose.material3:material3-android:1.5.0-alpha08
00:04.851 DEBUG :TournamentFlowApp:resolveDependenciesAndroid DependencyFileImpl        Downloaded https://maven.google.com/androidx/compose/animation/animation-core/1.9.4/animation-core-1.9.4.pom.sha512 for the dependency androidx.compose.animation:animation-core:1.9.4
00:04.877 DEBUG :TournamentFlowApp:resolveDependenciesAndroidTest DependencyFileImpl        Downloaded https://repo1.maven.org/maven2/org/jetbrains/androidx/savedstate/savedstate/1.3.6/savedstate-1.3.6.pom for the dependency org.jetbrains.androidx.savedstate:savedstate:1.3.6
00:04.878 DEBUG :TournamentFlowApp:resolveDependenciesAndroid DependencyFileImpl        Downloaded https://maven.google.com/androidx/lifecycle/lifecycle-runtime-compose/2.9.4/lifecycle-runtime-compose-2.9.4.pom for the dependency androidx.lifecycle:lifecycle-runtime-compose:2.9.4
00:04.878 DEBUG :TournamentFlowApp:resolveDependenciesAndroid DependencyFileImpl        Downloaded https://maven.google.com/androidx/graphics/graphics-shapes-android/1.1.0/graphics-shapes-android-1.1.0.pom for the dependency androidx.graphics:graphics-shapes-android:1.1.0
00:04.896 DEBUG :TournamentFlowApp:resolveDependenciesAndroid DependencyFileImpl        Downloaded https://maven.google.com/androidx/compose/ui/ui-text-android/1.9.4/ui-text-android-1.9.4.pom for the dependency androidx.compose.ui:ui-text-android:1.9.4
00:04.901 DEBUG :TournamentFlowApp:resolveDependenciesAndroid DependencyFileImpl        Downloaded https://maven.google.com/androidx/compose/ui/ui-geometry/1.9.4/ui-geometry-1.9.4.module.sha512 for the dependency androidx.compose.ui:ui-geometry:1.9.4
00:04.903 DEBUG :TournamentFlowApp:resolveDependenciesAndroid DependencyFileImpl        Downloaded https://maven.google.com/androidx/compose/foundation/foundation-layout/1.9.4/foundation-layout-1.9.4.module for the dependency androidx.compose.foundation:foundation-layout:1.9.4
00:04.907 DEBUG :TournamentFlowApp:resolveDependenciesAndroid DependencyFileImpl        Downloaded https://maven.google.com/androidx/emoji2/emoji2/1.2.0/emoji2-1.2.0.module.sha512 for the dependency androidx.emoji2:emoji2:1.2.0
00:04.915 DEBUG :TournamentFlowApp:resolveDependenciesAndroid DependencyFileImpl        Downloaded https://repo1.maven.org/maven2/org/jetbrains/androidx/lifecycle/lifecycle-runtime/2.9.6/lifecycle-runtime-2.9.6.module for the dependency org.jetbrains.androidx.lifecycle:lifecycle-runtime:2.9.6
00:04.944 DEBUG :TournamentFlowApp:resolveDependenciesAndroid DependencyFileImpl        Downloaded https://repo1.maven.org/maven2/org/jetbrains/androidx/lifecycle/lifecycle-common/2.9.6/lifecycle-common-2.9.6.module for the dependency org.jetbrains.androidx.lifecycle:lifecycle-common:2.9.6
00:04.948 DEBUG :TournamentFlowApp:resolveDependenciesAndroidTest DependencyFileImpl        Downloaded https://maven.google.com/androidx/savedstate/savedstate/1.2.0/savedstate-1.2.0.module.sha512 for the dependency androidx.savedstate:savedstate:1.2.0
00:04.950 DEBUG :TournamentFlowApp:resolveDependenciesAndroid DependencyFileImpl        Downloaded https://maven.google.com/androidx/compose/ui/ui-unit/1.9.4/ui-unit-1.9.4.module.sha512 for the dependency androidx.compose.ui:ui-unit:1.9.4
00:04.964 DEBUG :TournamentFlowApp:resolveDependenciesAndroid DependencyFileImpl        Downloaded https://maven.google.com/androidx/savedstate/savedstate-compose/1.3.3/savedstate-compose-1.3.3.pom for the dependency androidx.savedstate:savedstate-compose:1.3.3
00:04.981 DEBUG :TournamentFlowApp:resolveDependenciesAndroid DependencyFileImpl        Downloaded https://repo1.maven.org/maven2/org/jetbrains/androidx/lifecycle/lifecycle-viewmodel-savedstate/2.9.6/lifecycle-viewmodel-savedstate-2.9.6.module for the dependency org.jetbrains.androidx.lifecycle:lifecycle-viewmodel-savedstate:2.9.6
00:04.983 DEBUG :TournamentFlowApp:resolveDependenciesAndroid DependencyFileImpl        Downloaded https://repo1.maven.org/maven2/org/jetbrains/androidx/lifecycle/lifecycle-viewmodel/2.9.6/lifecycle-viewmodel-2.9.6.module for the dependency org.jetbrains.androidx.lifecycle:lifecycle-viewmodel:2.9.6
00:04.998 DEBUG :TournamentFlowApp:resolveDependenciesAndroid DependencyFileImpl        Downloaded https://maven.google.com/androidx/compose/material/material-ripple-android/1.9.4/material-ripple-android-1.9.4.module.sha512 for the dependency androidx.compose.material:material-ripple-android:1.9.4
00:05.025 DEBUG :TournamentFlowApp:resolveDependenciesAndroid DependencyFileImpl        Not found URL: https://repo1.maven.org/maven2/org/jetbrains/annotations/23.0.0/annotations-23.0.0.pom.sha256
00:05.025 DEBUG :TournamentFlowApp:resolveDependenciesAndroidTest DependencyFileImpl        Downloaded https://maven.google.com/androidx/appcompat/appcompat-resources/1.6.1/appcompat-resources-1.6.1.module.sha512 for the dependency androidx.appcompat:appcompat-resources:1.6.1
00:05.026 DEBUG :TournamentFlowApp:resolveDependenciesAndroid DependencyFileImpl        Downloaded https://maven.google.com/androidx/core/core-ktx/1.8.0/core-ktx-1.8.0.module.sha512 for the dependency androidx.core:core-ktx:1.8.0
00:05.033 DEBUG :TournamentFlowApp:resolveDependenciesAndroid DependencyFileImpl        Downloaded https://maven.google.com/androidx/compose/animation/animation/1.9.4/animation-1.9.4.module.sha512 for the dependency androidx.compose.animation:animation:1.9.4
00:05.039 DEBUG :TournamentFlowApp:resolveDependenciesAndroidTest DependencyFileImpl        Downloaded https://maven.google.com/androidx/fragment/fragment/1.3.6/fragment-1.3.6.module.sha512 for the dependency androidx.fragment:fragment:1.3.6
00:05.062 DEBUG :TournamentFlowApp:resolveDependenciesAndroid DependencyFileImpl        Downloaded https://maven.google.com/androidx/emoji2/emoji2-views-helper/1.2.0/emoji2-views-helper-1.2.0.module.sha512 for the dependency androidx.emoji2:emoji2-views-helper:1.2.0
00:05.063 DEBUG :TournamentFlowApp:resolveDependenciesAndroidTest DependencyFileImpl        Not found URL: https://maven.google.com/org/jetbrains/kotlin/kotlin-test-junit/2.3.20/kotlin-test-junit-2.3.20.module.sha256
00:05.093 DEBUG :TournamentFlowApp:resolveDependenciesAndroidTest DependencyFileImpl        Not found URL: https://maven.google.com/androidx/cursoradapter/cursoradapter/1.0.0/cursoradapter-1.0.0.pom.sha256
00:05.096 DEBUG :TournamentFlowApp:resolveDependenciesAndroid DependencyFileImpl        Downloaded https://repo1.maven.org/maven2/org/jetbrains/kotlinx/kotlinx-coroutines-bom/1.8.0/kotlinx-coroutines-bom-1.8.0.pom.sha512 for the dependency org.jetbrains.kotlinx:kotlinx-coroutines-bom:1.8.0
00:05.107 DEBUG :TournamentFlowApp:resolveDependenciesAndroid DependencyFileImpl        Not found URL: https://repo1.maven.org/maven2/androidx/core/core/1.9.0/core-1.9.0.module.sha512
00:05.112 DEBUG :TournamentFlowApp:resolveDependenciesAndroidTest DependencyFileImpl        Not found URL: https://maven.google.com/androidx/drawerlayout/drawerlayout/1.0.0/drawerlayout-1.0.0.pom.sha256
00:05.149 DEBUG :TournamentFlowApp:resolveDependenciesAndroid DependencyFileImpl        Downloaded https://maven.google.com/androidx/resourceinspection/resourceinspection-annotation/1.0.1/resourceinspection-annotation-1.0.1.module.sha512 for the dependency androidx.resourceinspection:resourceinspection-annotation:1.0.1
00:05.168 DEBUG :TournamentFlowApp:resolveDependenciesAndroid DependencyFileImpl        Downloaded https://maven.google.com/androidx/compose/animation/animation-core/1.9.4/animation-core-1.9.4.pom for the dependency androidx.compose.animation:animation-core:1.9.4
00:05.174 DEBUG :TournamentFlowApp:resolveDependenciesAndroid DependencyFileImpl        Not found URL: https://repo1.maven.org/maven2/androidx/compose/foundation/foundation-layout-android/1.9.4/foundation-layout-android-1.9.4.pom.sha512
00:05.181 DEBUG :TournamentFlowApp:resolveDependenciesAndroid DependencyFileImpl        Downloaded https://maven.google.com/androidx/compose/ui/ui-util/1.9.4/ui-util-1.9.4.module for the dependency androidx.compose.ui:ui-util:1.9.4
00:05.186 DEBUG :TournamentFlowApp:resolveDependenciesAndroid DependencyFileImpl        Downloaded https://maven.google.com/androidx/lifecycle/lifecycle-runtime-compose/2.9.4/lifecycle-runtime-compose-2.9.4.module.sha512 for the dependency androidx.lifecycle:lifecycle-runtime-compose:2.9.4
00:05.197 DEBUG :TournamentFlowApp:resolveDependenciesAndroidTest DependencyFileImpl        Downloaded https://repo1.maven.org/maven2/org/jetbrains/androidx/savedstate/savedstate/1.3.6/savedstate-1.3.6.module.sha512 for the dependency org.jetbrains.androidx.savedstate:savedstate:1.3.6
00:05.210 DEBUG :TournamentFlowApp:resolveDependenciesAndroid DependencyFileImpl        Downloaded https://maven.google.com/androidx/graphics/graphics-shapes-android/1.1.0/graphics-shapes-android-1.1.0.module.sha512 for the dependency androidx.graphics:graphics-shapes-android:1.1.0
00:05.211 DEBUG :TournamentFlowApp:resolveDependenciesAndroid DependencyFileImpl        Downloaded https://maven.google.com/androidx/emoji2/emoji2/1.2.0/emoji2-1.2.0.module for the dependency androidx.emoji2:emoji2:1.2.0
00:05.227 DEBUG :TournamentFlowApp:resolveDependenciesAndroidTest DependencyFileImpl        Not found URL: https://repo1.maven.org/maven2/androidx/compose/material3/material3-android/1.5.0-alpha08/material3-android-1.5.0-alpha08.module.sha512
00:05.239 DEBUG :TournamentFlowApp:resolveDependenciesAndroid DependencyFileImpl        Downloaded https://maven.google.com/androidx/compose/ui/ui-geometry/1.9.4/ui-geometry-1.9.4.module for the dependency androidx.compose.ui:ui-geometry:1.9.4
00:05.240 DEBUG :TournamentFlowApp:resolveDependenciesAndroidTest DependencyFileImpl        Downloaded https://maven.google.com/androidx/savedstate/savedstate/1.2.0/savedstate-1.2.0.module for the dependency androidx.savedstate:savedstate:1.2.0
00:05.250 DEBUG :TournamentFlowApp:resolveDependenciesAndroid DependencyFileImpl        Not found URL: https://repo1.maven.org/maven2/androidx/compose/ui/ui-graphics-android/1.9.4/ui-graphics-android-1.9.4.module.sha512
00:05.266 DEBUG :TournamentFlowApp:resolveDependenciesAndroid DependencyFileImpl        Not found URL: https://repo1.maven.org/maven2/androidx/lifecycle/lifecycle-viewmodel-savedstate/2.9.4/lifecycle-viewmodel-savedstate-2.9.4.pom.sha512
00:05.271 DEBUG :TournamentFlowApp:resolveDependenciesAndroid DependencyFileImpl        Downloaded https://maven.google.com/androidx/compose/ui/ui-unit/1.9.4/ui-unit-1.9.4.module for the dependency androidx.compose.ui:ui-unit:1.9.4
00:05.280 DEBUG :TournamentFlowApp:installCmdlineToolsAndroid ExtractKt                 Extracting /home/melero/.cache/JetBrains/Amper/download.cache/371a9f319a-commandlinetools-linux-14742923_latest.zip to /home/melero/.cache/JetBrains/Amper/extract.cache/371a9f319a-commandlinetools-linux-14742923_latest.zip.7c0a01.d
00:05.302 DEBUG :TournamentFlowApp:resolveDependenciesAndroid DependencyFileImpl        Downloaded https://maven.google.com/androidx/compose/ui/ui-text-android/1.9.4/ui-text-android-1.9.4.module.sha512 for the dependency androidx.compose.ui:ui-text-android:1.9.4
00:05.303 DEBUG :TournamentFlowApp:resolveDependenciesAndroid DependencyFileImpl        Downloaded https://maven.google.com/androidx/savedstate/savedstate-compose/1.3.3/savedstate-compose-1.3.3.module.sha512 for the dependency androidx.savedstate:savedstate-compose:1.3.3
00:05.316 DEBUG :TournamentFlowApp:resolveDependenciesAndroidTest DependencyFileImpl        Downloaded https://maven.google.com/androidx/appcompat/appcompat-resources/1.6.1/appcompat-resources-1.6.1.module for the dependency androidx.appcompat:appcompat-resources:1.6.1
00:05.323 DEBUG :TournamentFlowApp:resolveDependenciesAndroid DependencyFileImpl        Downloaded https://maven.google.com/androidx/emoji2/emoji2-views-helper/1.2.0/emoji2-views-helper-1.2.0.module for the dependency androidx.emoji2:emoji2-views-helper:1.2.0
00:05.329 DEBUG :TournamentFlowApp:resolveDependenciesAndroid DependencyFileImpl        Downloaded https://repo1.maven.org/maven2/org/jetbrains/kotlinx/kotlinx-coroutines-bom/1.8.0/kotlinx-coroutines-bom-1.8.0.pom for the dependency org.jetbrains.kotlinx:kotlinx-coroutines-bom:1.8.0
00:05.335 DEBUG :TournamentFlowApp:resolveDependenciesAndroid DependencyFileImpl        Downloaded https://maven.google.com/androidx/compose/material/material-ripple-android/1.9.4/material-ripple-android-1.9.4.module for the dependency androidx.compose.material:material-ripple-android:1.9.4
00:05.335 DEBUG :TournamentFlowApp:resolveDependenciesAndroid DependencyFileImpl        Not found URL: https://maven.google.com/org/jetbrains/annotations/23.0.0/annotations-23.0.0.pom.sha256
00:05.336 DEBUG :TournamentFlowApp:resolveDependenciesAndroidTest DependencyFileImpl        Downloaded https://repo1.maven.org/maven2/org/jetbrains/kotlin/kotlin-test-junit/2.3.20/kotlin-test-junit-2.3.20.module.sha1 for the dependency org.jetbrains.kotlin:kotlin-test-junit:2.3.20
00:05.352 DEBUG :TournamentFlowApp:resolveDependenciesAndroidTest DependencyFileImpl        Not found URL: https://repo1.maven.org/maven2/androidx/cursoradapter/cursoradapter/1.0.0/cursoradapter-1.0.0.pom.sha1
00:05.355 DEBUG :TournamentFlowApp:resolveDependenciesAndroidTest DependencyFileImpl        Downloaded https://maven.google.com/androidx/fragment/fragment/1.3.6/fragment-1.3.6.module for the dependency androidx.fragment:fragment:1.3.6
00:05.368 DEBUG :TournamentFlowApp:resolveDependenciesAndroidTest DependencyFileImpl        Downloaded https://repo1.maven.org/maven2/org/jetbrains/androidx/savedstate/savedstate/1.3.6/savedstate-1.3.6.module for the dependency org.jetbrains.androidx.savedstate:savedstate:1.3.6
00:05.379 DEBUG :TournamentFlowApp:resolveDependenciesAndroid DependencyFileImpl        Downloaded https://maven.google.com/androidx/resourceinspection/resourceinspection-annotation/1.0.1/resourceinspection-annotation-1.0.1.module for the dependency androidx.resourceinspection:resourceinspection-annotation:1.0.1
00:05.385 DEBUG :TournamentFlowApp:resolveDependenciesAndroid DependencyFileImpl        Downloaded https://maven.google.com/androidx/core/core-ktx/1.8.0/core-ktx-1.8.0.module for the dependency androidx.core:core-ktx:1.8.0
00:05.414 DEBUG :TournamentFlowApp:resolveDependenciesAndroidTest DependencyFileImpl        Not found URL: https://repo1.maven.org/maven2/androidx/startup/startup-runtime/1.0.0/startup-runtime-1.0.0.pom.sha512
00:05.434 DEBUG :TournamentFlowApp:resolveDependenciesAndroid DependencyFileImpl        Downloaded https://maven.google.com/androidx/lifecycle/lifecycle-runtime-compose/2.9.4/lifecycle-runtime-compose-2.9.4.module for the dependency androidx.lifecycle:lifecycle-runtime-compose:2.9.4
00:05.436 DEBUG :TournamentFlowApp:resolveDependenciesAndroid DependencyFileImpl        Downloaded https://maven.google.com/androidx/compose/foundation/foundation-layout-android/1.9.4/foundation-layout-android-1.9.4.pom.sha512 for the dependency androidx.compose.foundation:foundation-layout-android:1.9.4
00:05.438 DEBUG :TournamentFlowApp:resolveDependenciesAndroid DependencyFileImpl        Not found URL: https://repo1.maven.org/maven2/androidx/compose/ui/ui-geometry-android/1.9.4/ui-geometry-android-1.9.4.pom.sha512
00:05.439 DEBUG :TournamentFlowApp:resolveDependenciesAndroid DependencyFileImpl        Downloaded https://maven.google.com/androidx/compose/animation/animation-core/1.9.4/animation-core-1.9.4.module.sha512 for the dependency androidx.compose.animation:animation-core:1.9.4
00:05.464 DEBUG :TournamentFlowApp:resolveDependenciesAndroid DependencyFileImpl        Not found URL: https://repo1.maven.org/maven2/androidx/compose/ui/ui-unit-android/1.9.4/ui-unit-android-1.9.4.pom.sha512
00:05.471 DEBUG :TournamentFlowApp:resolveDependenciesAndroid DependencyFileImpl        Downloaded https://maven.google.com/androidx/graphics/graphics-shapes-android/1.1.0/graphics-shapes-android-1.1.0.module for the dependency androidx.graphics:graphics-shapes-android:1.1.0
00:05.491 DEBUG :TournamentFlowApp:resolveDependenciesAndroid DependencyFileImpl        Downloaded https://repo1.maven.org/maven2/org/jetbrains/annotations/23.0.0/annotations-23.0.0.pom.sha1 for the dependency org.jetbrains:annotations:23.0.0
00:05.500 DEBUG :TournamentFlowApp:resolveDependenciesAndroidTest DependencyFileImpl        Downloaded https://repo1.maven.org/maven2/org/jetbrains/kotlin/kotlin-test-junit/2.3.20/kotlin-test-junit-2.3.20.module for the dependency org.jetbrains.kotlin:kotlin-test-junit:2.3.20
00:05.512 DEBUG :TournamentFlowApp:resolveDependenciesAndroid DependencyFileImpl        Downloaded https://maven.google.com/androidx/compose/ui/ui-graphics-android/1.9.4/ui-graphics-android-1.9.4.module.sha512 for the dependency androidx.compose.ui:ui-graphics-android:1.9.4
00:05.524 DEBUG :TournamentFlowApp:resolveDependenciesAndroidTest DependencyFileImpl        Not found URL: https://repo1.maven.org/maven2/androidx/drawerlayout/drawerlayout/1.0.0/drawerlayout-1.0.0.pom.sha1
00:05.536 DEBUG :TournamentFlowApp:resolveDependenciesAndroid DependencyFileImpl        Downloaded https://maven.google.com/androidx/savedstate/savedstate-compose/1.3.3/savedstate-compose-1.3.3.module for the dependency androidx.savedstate:savedstate-compose:1.3.3
00:05.551 DEBUG :TournamentFlowApp:resolveDependenciesAndroid DependencyFileImpl        Downloaded https://maven.google.com/androidx/compose/ui/ui-text-android/1.9.4/ui-text-android-1.9.4.module for the dependency androidx.compose.ui:ui-text-android:1.9.4
00:05.557 DEBUG :TournamentFlowApp:resolveDependenciesAndroid DependencyFileImpl        Not found URL: https://repo1.maven.org/maven2/androidx/compose/foundation/foundation/1.7.1/foundation-1.7.1.pom.sha512
00:05.564 DEBUG :TournamentFlowApp:resolveDependenciesAndroidTest DependencyFileImpl        Not found URL: https://repo1.maven.org/maven2/androidx/compose/animation/animation/1.7.1/animation-1.7.1.pom.sha512
00:05.591 DEBUG :TournamentFlowApp:resolveDependenciesAndroidTest DependencyFileImpl        Downloaded https://maven.google.com/androidx/cursoradapter/cursoradapter/1.0.0/cursoradapter-1.0.0.pom.sha1 for the dependency androidx.cursoradapter:cursoradapter:1.0.0
00:05.599 DEBUG :TournamentFlowApp:resolveDependenciesAndroidTest DependencyFileImpl        Downloaded https://maven.google.com/androidx/compose/material3/material3-android/1.5.0-alpha08/material3-android-1.5.0-alpha08.module.sha512 for the dependency androidx.compose.material3:material3-android:1.5.0-alpha08
00:05.614 DEBUG :TournamentFlowApp:resolveDependenciesAndroid DependencyFileImpl        Not found URL: https://repo1.maven.org/maven2/androidx/loader/loader/1.0.0/loader-1.0.0.pom.sha512
00:05.670 DEBUG :TournamentFlowApp:resolveDependenciesAndroid DependencyFileImpl        Downloaded https://maven.google.com/androidx/compose/foundation/foundation-layout-android/1.9.4/foundation-layout-android-1.9.4.pom for the dependency androidx.compose.foundation:foundation-layout-android:1.9.4
00:05.680 DEBUG :TournamentFlowApp:resolveDependenciesAndroidTest DependencyFileImpl        Not found URL: https://repo1.maven.org/maven2/androidx/vectordrawable/vectordrawable-animated/1.1.0/vectordrawable-animated-1.1.0.pom.sha512
00:05.680 DEBUG :TournamentFlowApp:resolveDependenciesAndroidTest DependencyFileImpl        Not found URL: https://repo1.maven.org/maven2/androidx/vectordrawable/vectordrawable/1.1.0/vectordrawable-1.1.0.pom.sha512
00:05.684 DEBUG :TournamentFlowApp:resolveDependenciesAndroid DependencyFileImpl        Downloaded https://maven.google.com/androidx/compose/ui/ui-geometry-android/1.9.4/ui-geometry-android-1.9.4.pom.sha512 for the dependency androidx.compose.ui:ui-geometry-android:1.9.4
00:05.707 DEBUG :TournamentFlowApp:resolveDependenciesAndroid DependencyFileImpl        Downloaded https://maven.google.com/androidx/compose/animation/animation-core/1.9.4/animation-core-1.9.4.module for the dependency androidx.compose.animation:animation-core:1.9.4
00:05.737 DEBUG :TournamentFlowApp:resolveDependenciesAndroidTest DependencyFileImpl        Not found URL: https://repo1.maven.org/maven2/androidx/viewpager/viewpager/1.0.0/viewpager-1.0.0.pom.sha512
00:05.749 DEBUG :TournamentFlowApp:resolveDependenciesAndroidTest DependencyFileImpl        Not found URL: https://repo1.maven.org/maven2/androidx/savedstate/savedstate-compose-android/1.3.3/savedstate-compose-android-1.3.3.pom.sha512
00:05.755 DEBUG :TournamentFlowApp:resolveDependenciesAndroid DependencyFileImpl        Downloaded https://maven.google.com/androidx/compose/ui/ui-unit-android/1.9.4/ui-unit-android-1.9.4.pom.sha512 for the dependency androidx.compose.ui:ui-unit-android:1.9.4
00:05.765 DEBUG :TournamentFlowApp:resolveDependenciesAndroidTest DependencyFileImpl        Downloaded https://maven.google.com/androidx/drawerlayout/drawerlayout/1.0.0/drawerlayout-1.0.0.pom.sha1 for the dependency androidx.drawerlayout:drawerlayout:1.0.0
00:05.766 DEBUG :TournamentFlowApp:resolveDependenciesAndroidTest DependencyFileImpl        Not found URL: https://repo1.maven.org/maven2/androidx/lifecycle/lifecycle-viewmodel-savedstate/2.3.1/lifecycle-viewmodel-savedstate-2.3.1.pom.sha512
00:05.838 ERROR                           MainKt                    Task ':TournamentFlowApp:checkAndroidSdkLicenseAndroid' failed: Some licenses have not been accepted in the Android SDK:
 - android-sdk-license
Run "/home/melero/Android/Sdk/cmdline-tools/latest/bin/sdkmanager --licenses" to review and accept them
