JetBrains Amper version 0.11.0-dev-3921 (a832087, 2026-05-09)
running on Linux 6.17.0-23-generic jvm arch amd64

00:01.512 DEBUG :TournamentFlowApp:resolveDependenciesAndroid ResolveExternalDependenciesTask$Companion resolve dependencies TournamentFlowApp -- main -- androidx.activity:activity-compose:1.7.2 androidx.appcompat:appcompat:1.6.1 androidx.compose.material:material-icons-extended:1.6.0 androidx.lifecycle:lifecycle-viewmodel-compose:2.7.0 androidx.navigation:navigation-compose:2.7.6 io.coil-kt:coil-compose:2.5.0 io.ktor:ktor-client-content-negotiation:2.3.7 io.ktor:ktor-client-core:2.3.7 io.ktor:ktor-client-okhttp:2.3.7 io.ktor:ktor-serialization-kotlinx-json:2.3.7 org.jetbrains.compose.foundation:foundation:1.10.3 org.jetbrains.compose.material3:material3:1.10.0-alpha05 org.jetbrains.compose.runtime:runtime:1.10.3 org.jetbrains.kotlin:kotlin-stdlib-jdk7:2.3.20 org.jetbrains.kotlin:kotlin-stdlib-jdk8:2.3.20 org.jetbrains.kotlin:kotlin-stdlib:2.3.20 org.jetbrains.kotlinx:kotlinx-coroutines-android:1.7.3 org.jetbrains.kotlinx:kotlinx-serialization-core:1.10.0 org.jetbrains.kotlinx:kotlinx-serialization-json:1.6.2 -- resolvePlatform=androidJvm nativeTarget=null wasmTarget=null
00:01.517 DEBUG :artifacts/PreparedComposeResourcesDirArtifact/TournamentFlowAppmain IncrementalCache          [inc] ':artifacts/PreparedComposeResourcesDirArtifact/TournamentFlowAppmain' is up-to-date according to state file at '/home/melero/TournamentFlowApp/build/incremental.state/_artifacts_PreparedComposeResourcesDirArtifact_Tou-75486f7389'
00:01.517 DEBUG :generated/TournamentFlowApp/main/src/compose/resources/commonResClass IncrementalCache          [inc] ':generated/TournamentFlowApp/main/src/compose/resources/commonResClass' is up-to-date according to state file at '/home/melero/TournamentFlowApp/build/incremental.state/_generated_TournamentFlowApp_main_src_compose_reso-dd6fb16842'
00:01.522 DEBUG :generated/TournamentFlowApp/main/src/compose/resources/accessors IncrementalCache          [inc] ':generated/TournamentFlowApp/main/src/compose/resources/accessors' is up-to-date according to state file at '/home/melero/TournamentFlowApp/build/incremental.state/_generated_TournamentFlowApp_main_src_compose_reso-1e1cfdda31'
00:01.524 DEBUG :generated/TournamentFlowApp/main/src/compose/resources/collectors IncrementalCache          [inc] ':generated/TournamentFlowApp/main/src/compose/resources/collectors' is up-to-date according to state file at '/home/melero/TournamentFlowApp/build/incremental.state/_generated_TournamentFlowApp_main_src_compose_reso-64a7907c76'
00:01.552 DEBUG :TournamentFlowApp:resolveDependenciesAndroid IncrementalCache          [inc] 'TournamentFlowApp:android:main' is up-to-date according to state file at '/home/melero/TournamentFlowApp/build/incremental.state/TournamentFlowApp_android_main-a2c2105f45'
00:01.584 DEBUG :TournamentFlowApp:resolveDependenciesAndroid ResolveExternalDependenciesTask$Companion resolve dependencies TournamentFlowApp -- main -- androidx.activity:activity-compose:1.7.2 androidx.appcompat:appcompat:1.6.1 androidx.compose.material:material-icons-extended:1.6.0 androidx.lifecycle:lifecycle-viewmodel-compose:2.7.0 androidx.navigation:navigation-compose:2.7.6 io.coil-kt:coil-compose:2.5.0 io.ktor:ktor-client-content-negotiation:2.3.7 io.ktor:ktor-client-core:2.3.7 io.ktor:ktor-client-okhttp:2.3.7 io.ktor:ktor-serialization-kotlinx-json:2.3.7 org.jetbrains.compose.foundation:foundation:1.10.3 org.jetbrains.compose.material3:material3:1.10.0-alpha05 org.jetbrains.compose.runtime:runtime:1.10.3 org.jetbrains.kotlin:kotlin-stdlib-jdk7:2.3.20 org.jetbrains.kotlin:kotlin-stdlib-jdk8:2.3.20 org.jetbrains.kotlin:kotlin-stdlib:2.3.20 org.jetbrains.kotlinx:kotlinx-coroutines-android:1.7.3 org.jetbrains.kotlinx:kotlinx-serialization-core:1.10.0 org.jetbrains.kotlinx:kotlinx-serialization-json:1.6.2 -- resolvePlatform=ANDROID nativeTarget=null
wasmTarget=null
https://repo1.maven.org/maven2 https://maven.google.com resolved to:
  .m2.cache/androidx/activity/activity-compose/1.8.2/activity-compose-1.8.2.aar
  .m2.cache/androidx/appcompat/appcompat/1.6.1/appcompat-1.6.1.aar
  .m2.cache/org/jetbrains/kotlinx/kotlinx-coroutines-android/1.9.0/kotlinx-coroutines-android-1.9.0.jar
  .m2.cache/androidx/navigation/navigation-compose/2.7.6/navigation-compose-2.7.6.aar
  .m2.cache/io/coil-kt/coil-compose/2.5.0/coil-compose-2.5.0.aar
  .m2.cache/org/jetbrains/kotlin/kotlin-stdlib/2.3.20/kotlin-stdlib-2.3.20.jar
  .m2.cache/org/jetbrains/kotlin/kotlin-stdlib-jdk7/2.3.20/kotlin-stdlib-jdk7-2.3.20.jar
  .m2.cache/org/jetbrains/kotlin/kotlin-stdlib-jdk8/2.3.20/kotlin-stdlib-jdk8-2.3.20.jar
  .m2.cache/androidx/activity/activity-ktx/1.8.2/activity-ktx-1.8.2.aar
  .m2.cache/androidx/activity/activity/1.8.2/activity-1.8.2.aar
  .m2.cache/androidx/appcompat/appcompat-resources/1.6.1/appcompat-resources-1.6.1.aar
  .m2.cache/androidx/core/core/1.16.0/core-1.16.0.aar
  .m2.cache/androidx/cursoradapter/cursoradapter/1.0.0/cursoradapter-1.0.0.aar
  .m2.cache/androidx/drawerlayout/drawerlayout/1.0.0/drawerlayout-1.0.0.aar
  .m2.cache/androidx/fragment/fragment/1.3.6/fragment-1.3.6.aar
  .m2.cache/io/ktor/ktor-client-core-jvm/2.3.7/ktor-client-core-jvm-2.3.7.jar
  .m2.cache/io/ktor/ktor-client-okhttp-jvm/2.3.7/ktor-client-okhttp-jvm-2.3.7.jar
  .m2.cache/io/ktor/ktor-client-content-negotiation-jvm/2.3.7/ktor-client-content-negotiation-jvm-2.3.7.jar
  .m2.cache/io/ktor/ktor-serialization-kotlinx-json-jvm/2.3.7/ktor-serialization-kotlinx-json-jvm-2.3.7.jar
  .m2.cache/org/jetbrains/kotlinx/kotlinx-serialization-json-jvm/1.10.0/kotlinx-serialization-json-jvm-1.10.0.jar
  .m2.cache/androidx/lifecycle/lifecycle-viewmodel-compose-android/2.9.4/lifecycle-viewmodel-compose-android-2.9.4.aar
  .m2.cache/androidx/navigation/navigation-runtime-ktx/2.7.6/navigation-runtime-ktx-2.7.6.aar
  .m2.cache/io/coil-kt/coil-compose-base/2.5.0/coil-compose-base-2.5.0.aar
  .m2.cache/io/coil-kt/coil/2.5.0/coil-2.5.0.aar
  .m2.cache/androidx/compose/material/material-icons-extended-android/1.6.0/material-icons-extended-android-1.6.0.aar
  .m2.cache/org/jetbrains/annotations/23.0.0/annotations-23.0.0.jar
  .m2.cache/org/jetbrains/kotlinx/kotlinx-serialization-core-jvm/1.10.0/kotlinx-serialization-core-jvm-1.10.0.jar
  .m2.cache/androidx/compose/foundation/foundation-android/1.10.5/foundation-android-1.10.5.aar
  .m2.cache/androidx/compose/material3/material3-android/1.5.0-alpha08/material3-android-1.5.0-alpha08.aar
  .m2.cache/androidx/graphics/graphics-shapes-android/1.1.0/graphics-shapes-android-1.1.0.aar
  .m2.cache/androidx/core/core-ktx/1.16.0/core-ktx-1.16.0.aar
  .m2.cache/androidx/lifecycle/lifecycle-viewmodel-ktx/2.9.4/lifecycle-viewmodel-ktx-2.9.4.aar
  .m2.cache/androidx/savedstate/savedstate-ktx/1.3.3/savedstate-ktx-1.3.3.aar
  .m2.cache/androidx/compose/runtime/runtime-android/1.10.5/runtime-android-1.10.5.aar
  .m2.cache/androidx/compose/runtime/runtime-saveable-android/1.10.5/runtime-saveable-android-1.10.5.aar
  .m2.cache/androidx/compose/ui/ui-android/1.10.5/ui-android-1.10.5.aar
  .m2.cache/androidx/lifecycle/lifecycle-viewmodel-android/2.9.4/lifecycle-viewmodel-android-2.9.4.aar
  .m2.cache/androidx/annotation/annotation-jvm/1.9.1/annotation-jvm-1.9.1.jar
  .m2.cache/androidx/vectordrawable/vectordrawable/1.1.0/vectordrawable-1.1.0.aar
  .m2.cache/androidx/vectordrawable/vectordrawable-animated/1.1.0/vectordrawable-animated-1.1.0.aar
  .m2.cache/androidx/annotation/annotation-experimental/1.4.1/annotation-experimental-1.4.1.aar
  .m2.cache/androidx/core/core-viewtree/1.0.0/core-viewtree-1.0.0.aar
  .m2.cache/androidx/versionedparcelable/versionedparcelable/1.1.1/versionedparcelable-1.1.1.aar
  .m2.cache/org/jspecify/jspecify/1.0.0/jspecify-1.0.0.jar
  .m2.cache/androidx/customview/customview/1.0.0/customview-1.0.0.aar
  .m2.cache/androidx/viewpager/viewpager/1.0.0/viewpager-1.0.0.aar
  .m2.cache/androidx/loader/loader/1.0.0/loader-1.0.0.aar
  .m2.cache/androidx/lifecycle/lifecycle-livedata-core/2.9.4/lifecycle-livedata-core-2.9.4.aar
  .m2.cache/androidx/savedstate/savedstate-android/1.3.3/savedstate-android-1.3.3.aar
  .m2.cache/org/jetbrains/kotlinx/kotlinx-coroutines-jdk8/1.9.0/kotlinx-coroutines-jdk8-1.9.0.jar
  .m2.cache/org/slf4j/slf4j-api/1.7.36/slf4j-api-1.7.36.jar
  .m2.cache/com/squareup/okhttp3/okhttp/4.12.0/okhttp-4.12.0.jar
  .m2.cache/org/jetbrains/kotlinx/kotlinx-coroutines-core-jvm/1.9.0/kotlinx-coroutines-core-jvm-1.9.0.jar
  .m2.cache/androidx/compose/animation/animation-android/1.10.5/animation-android-1.10.5.aar
  .m2.cache/androidx/navigation/navigation-common-ktx/2.7.6/navigation-common-ktx-2.7.6.aar
  .m2.cache/androidx/navigation/navigation-runtime/2.7.6/navigation-runtime-2.7.6.aar
  .m2.cache/io/coil-kt/coil-base/2.5.0/coil-base-2.5.0.aar
  .m2.cache/androidx/compose/runtime/runtime-retain-android/1.10.5/runtime-retain-android-1.10.5.aar
  .m2.cache/androidx/compose/material/material-ripple-android/1.9.4/material-ripple-android-1.9.4.aar
  .m2.cache/androidx/compose/ui/ui-graphics-android/1.10.5/ui-graphics-android-1.10.5.aar
  .m2.cache/androidx/compose/ui/ui-text-android/1.10.5/ui-text-android-1.10.5.aar
  .m2.cache/androidx/lifecycle/lifecycle-runtime-ktx-android/2.9.4/lifecycle-runtime-ktx-android-2.9.4.aar
  .m2.cache/androidx/lifecycle/lifecycle-runtime-android/2.9.4/lifecycle-runtime-android-2.9.4.aar
  .m2.cache/androidx/lifecycle/lifecycle-viewmodel-savedstate-android/2.9.4/lifecycle-viewmodel-savedstate-android-2.9.4.aar
  .m2.cache/androidx/interpolator/interpolator/1.0.0/interpolator-1.0.0.aar
  .m2.cache/androidx/collection/collection-jvm/1.5.0/collection-jvm-1.5.0.jar
  .m2.cache/androidx/lifecycle/lifecycle-livedata/2.9.4/lifecycle-livedata-2.9.4.aar
  .m2.cache/io/ktor/ktor-http-jvm/2.3.7/ktor-http-jvm-2.3.7.jar
  .m2.cache/io/ktor/ktor-events-jvm/2.3.7/ktor-events-jvm-2.3.7.jar
  .m2.cache/io/ktor/ktor-websocket-serialization-jvm/2.3.7/ktor-websocket-serialization-jvm-2.3.7.jar
  .m2.cache/com/squareup/okio/okio-jvm/3.6.0/okio-jvm-3.6.0.jar
  .m2.cache/io/ktor/ktor-serialization-jvm/2.3.7/ktor-serialization-jvm-2.3.7.jar
  .m2.cache/io/ktor/ktor-serialization-kotlinx-jvm/2.3.7/ktor-serialization-kotlinx-jvm-2.3.7.jar
  .m2.cache/androidx/lifecycle/lifecycle-common-jvm/2.9.4/lifecycle-common-jvm-2.9.4.jar
  .m2.cache/androidx/navigation/navigation-common/2.7.6/navigation-common-2.7.6.aar
  .m2.cache/androidx/compose/material/material-icons-core-android/1.6.0/material-icons-core-android-1.6.0.aar
  .m2.cache/androidx/compose/animation/animation-core-android/1.10.5/animation-core-android-1.10.5.aar
  .m2.cache/androidx/compose/foundation/foundation-layout-android/1.10.5/foundation-layout-android-1.10.5.aar
  .m2.cache/androidx/compose/ui/ui-geometry-android/1.10.5/ui-geometry-android-1.10.5.aar
  .m2.cache/androidx/compose/ui/ui-unit-android/1.10.5/ui-unit-android-1.10.5.aar
  .m2.cache/androidx/compose/ui/ui-util-android/1.10.5/ui-util-android-1.10.5.aar
  .m2.cache/androidx/compose/runtime/runtime-annotation-android/1.10.5/runtime-annotation-android-1.10.5.aar
  .m2.cache/androidx/savedstate/savedstate-compose-android/1.3.3/savedstate-compose-android-1.3.3.aar
  .m2.cache/androidx/lifecycle/lifecycle-runtime-compose-android/2.9.4/lifecycle-runtime-compose-android-2.9.4.aar
  .m2.cache/androidx/arch/core/core-common/2.2.0/core-common-2.2.0.jar
  .m2.cache/androidx/arch/core/core-runtime/2.2.0/core-runtime-2.2.0.aar
  .m2.cache/androidx/lifecycle/lifecycle-livedata-core-ktx/2.9.4/lifecycle-livedata-core-ktx-2.9.4.aar
  .m2.cache/io/ktor/ktor-utils-jvm/2.3.7/ktor-utils-jvm-2.3.7.jar
  .m2.cache/io/ktor/ktor-websockets-jvm/2.3.7/ktor-websockets-jvm-2.3.7.jar
  .m2.cache/io/ktor/ktor-io-jvm/2.3.7/ktor-io-jvm-2.3.7.jar
00:01.603 DEBUG :TournamentFlowApp:transformDependenciesAndroid IncrementalCache          [inc] ':TournamentFlowApp:transformDependenciesAndroid' is up-to-date according to state file at '/home/melero/TournamentFlowApp/build/incremental.state/_TournamentFlowApp_transformDependenciesAndroid-79b6c68a62'
00:02.122 DEBUG :TournamentFlowApp:prepareAndroidDebug JdkProvider               JAVA_HOME is not set (or empty). Amper will provision a JDK instead.
00:02.178 DEBUG :TournamentFlowApp:prepareAndroidDebug IncrementalCache          [inc] 'jdk-provisioning_{"majorVersion":21}' is up-to-date according to state file at '/home/melero/TournamentFlowApp/build/incremental.state/jdk-provisioning___majorVersion__21_-bb08ac7436'
00:02.215 DEBUG :TournamentFlowApp:prepareAndroidDebug IncrementalCache          [inc] ':TournamentFlowApp:prepareAndroidDebug' is up-to-date according to state file at '/home/melero/TournamentFlowApp/build/incremental.state/_TournamentFlowApp_prepareAndroidDebug-714dc1bdac'
00:02.223 DEBUG :TournamentFlowApp:compileAndroidDebug JvmCompileTask            compile TournamentFlowApp -- main
00:02.240 DEBUG :TournamentFlowApp:compileAndroidDebug JdkProvider               JAVA_HOME is not set (or empty). Amper will provision a JDK instead.
00:02.275 DEBUG :TournamentFlowApp:compileAndroidDebug IncrementalCache          [inc] ':TournamentFlowApp:compileAndroidDebug' is up-to-date according to state file at '/home/melero/TournamentFlowApp/build/incremental.state/_TournamentFlowApp_compileAndroidDebug-906103b684'
00:02.289 DEBUG :TournamentFlowApp:jarAndroidDebug IncrementalCache          [inc] ':TournamentFlowApp:jarAndroidDebug' is up-to-date according to state file at '/home/melero/TournamentFlowApp/build/incremental.state/_TournamentFlowApp_jarAndroidDebug-6342722e4d'
00:02.294 DEBUG :TournamentFlowApp:aarAndroidDebug IncrementalCache          [inc] ':TournamentFlowApp:aarAndroidDebug' is up-to-date according to state file at '/home/melero/TournamentFlowApp/build/incremental.state/_TournamentFlowApp_aarAndroidDebug-c60fb6c76f'
00:02.297 DEBUG :TournamentFlowApp:buildAndroidDebug JdkProvider               JAVA_HOME is not set (or empty). Amper will provision a JDK instead.
00:02.308 DEBUG :TournamentFlowApp:buildAndroidDebug IncrementalCache          [inc] ':TournamentFlowApp:buildAndroidDebug' is up-to-date according to state file at '/home/melero/TournamentFlowApp/build/incremental.state/_TournamentFlowApp_buildAndroidDebug-4b66f16629'
00:03.473 INFO  :TournamentFlowApp:installSystemImageAndroid Downloader                Downloading https://dl.google.com/android/repository/sys-img/google_apis/x86_64-36_r07.zip to /home/melero/.cache/JetBrains/Amper/download.cache/766c0bfe1f-x86_64-36_r07.zip
00:03.579 INFO  :TournamentFlowApp:installEmulatorAndroid Downloader                Downloading https://dl.google.com/android/repository/emulator-linux_x64-15442530.zip to /home/melero/.cache/JetBrains/Amper/download.cache/b7fea1b35d-emulator-linux_x64-15442530.zip
00:12.473 DEBUG :TournamentFlowApp:installEmulatorAndroid ExtractKt                 Extracting /home/melero/.cache/JetBrains/Amper/download.cache/b7fea1b35d-emulator-linux_x64-15442530.zip to /home/melero/.cache/JetBrains/Amper/extract.cache/b7fea1b35d-emulator-linux_x64-15442530.zip.fa0007.d
00:28.855 DEBUG :TournamentFlowApp:installSystemImageAndroid ExtractKt                 Extracting /home/melero/.cache/JetBrains/Amper/download.cache/766c0bfe1f-x86_64-36_r07.zip to /home/melero/.cache/JetBrains/Amper/extract.cache/766c0bfe1f-x86_64-36_r07.zip.21861a.d
05:14.495 INFO  :TournamentFlowApp:runAndroidDebug AndroidRunTask            Starting: Intent { act=android.intent.action.MAIN cmp=com.jetbrains.sample.app/.MainActivity }
