> Task :preBuild UP-TO-DATE
> Task :preDebugBuild UP-TO-DATE
> Task :mergeDebugNativeDebugMetadata NO-SOURCE
> Task :javaPreCompileDebug UP-TO-DATE
> Task :checkDebugAarMetadata UP-TO-DATE
> Task :generateDebugResValues UP-TO-DATE
> Task :mapDebugSourceSetPaths UP-TO-DATE
> Task :generateDebugResources UP-TO-DATE
> Task :mergeDebugResources UP-TO-DATE
> Task :packageDebugResources UP-TO-DATE
> Task :parseDebugLocalResources UP-TO-DATE
> Task :createDebugCompatibleScreenManifests UP-TO-DATE
> Task :extractDeepLinksDebug UP-TO-DATE
> Task :processDebugMainManifest UP-TO-DATE
> Task :processDebugManifest UP-TO-DATE
> Task :processDebugManifestForPackage UP-TO-DATE
> Task :processDebugResources UP-TO-DATE
> Task :compileDebugJavaWithJavac NO-SOURCE
> Task :mergeDebugShaders UP-TO-DATE
> Task :compileDebugShaders NO-SOURCE
> Task :generateDebugAssets UP-TO-DATE
> Task :mergeDebugAssets UP-TO-DATE
> Task :compressDebugAssets UP-TO-DATE
> Task :processDebugJavaRes NO-SOURCE
> Task :mergeDebugJavaResource UP-TO-DATE
> Task :checkDebugDuplicateClasses UP-TO-DATE
> Task :desugarDebugFileDependencies UP-TO-DATE
> Task :mergeExtDexDebug UP-TO-DATE
> Task :mergeLibDexDebug UP-TO-DATE
> Task :dexBuilderDebug UP-TO-DATE
> Task :mergeProjectDexDebug UP-TO-DATE
> Task :mergeDebugJniLibFolders UP-TO-DATE
> Task :mergeDebugNativeLibs UP-TO-DATE
> Task :stripDebugDebugSymbols UP-TO-DATE
> Task :validateSigningDebug UP-TO-DATE
> Task :writeDebugAppMetadata UP-TO-DATE
> Task :writeDebugSigningConfigVersions UP-TO-DATE
> Task :packageDebug UP-TO-DATE
> Task :createDebugApkListingFileRedirect UP-TO-DATE
> Task :assembleDebug UP-TO-DATE

[Incubating] Problems report is available at: file:///home/melero/TournamentFlowApp/build/tasks/_TournamentFlowApp_buildAndroidDebug/gradle-project/build/_/reports/problems/problems-report.html

Deprecated Gradle features were used in this build, making it incompatible with Gradle 9.0.

You can use '--warning-mode all' to show the individual deprecation warnings and determine if they come from your own scripts or plugins.

For more on this, please refer to https://docs.gradle.org/8.14.3/userguide/command_line_interface.html#sec:command_line_warnings in the Gradle documentation.

BUILD SUCCESSFUL in 14s
32 actionable tasks: 32 up-to-date
